{"C:\\data\\dev\\go\\src\\github.com\\coco-papiyon\\korobokcle\\tests\\base\\source\\coco-papiyon-korobokcle-issue_110\\frontend\\src\\App.vue": {"path":"C:\\data\\dev\\go\\src\\github.com\\coco-papiyon\\korobokcle\\tests\\base\\source\\coco-papiyon-korobokcle-issue_110\\frontend\\src\\App.vue","all":true,"statementMap":{"0":{"start":{"line":1,"column":0},"end":{"line":1,"column":10}},"1":{"start":{"line":2,"column":0},"end":{"line":2,"column":16}}},"s":{"0":0,"1":0},"branchMap":{"0":{"type":"branch","line":1,"loc":{"start":{"line":1,"column":0},"end":{"line":3,"column":-18}},"locations":[{"start":{"line":1,"column":0},"end":{"line":3,"column":-18}}]}},"b":{"0":[0]},"fnMap":{"0":{"name":"(empty-report)","decl":{"start":{"line":1,"column":0},"end":{"line":3,"column":-18}},"loc":{"start":{"line":1,"column":0},"end":{"line":3,"column":-18}},"line":1}},"f":{"0":0}}
,"C:\\data\\dev\\go\\src\\github.com\\coco-papiyon\\korobokcle\\tests\\base\\source\\coco-papiyon-korobokcle-issue_110\\frontend\\src\\main.ts": {"path":"C:\\data\\dev\\go\\src\\github.com\\coco-papiyon\\korobokcle\\tests\\base\\source\\coco-papiyon-korobokcle-issue_110\\frontend\\src\\main.ts","all":true,"statementMap":{"0":{"start":{"line":1,"column":0},"end":{"line":1,"column":31}},"1":{"start":{"line":2,"column":0},"end":{"line":2,"column":27}},"2":{"start":{"line":3,"column":0},"end":{"line":3,"column":33}},"3":{"start":{"line":4,"column":0},"end":{"line":4,"column":28}},"4":{"start":{"line":5,"column":0},"end":{"line":5,"column":26}},"5":{"start":{"line":6,"column":0},"end":{"line":6,"column":31}},"6":{"start":{"line":7,"column":0},"end":{"line":7,"column":32}},"8":{"start":{"line":9,"column":0},"end":{"line":9,"column":40}}},"s":{"0":0,"1":0,"2":0,"3":0,"4":0,"5":0,"6":0,"8":0},"branchMap":{"0":{"type":"branch","line":1,"loc":{"start":{"line":1,"column":256},"end":{"line":9,"column":40}},"locations":[{"start":{"line":1,"column":256},"end":{"line":9,"column":40}}]}},"b":{"0":[0]},"fnMap":{"0":{"name":"(empty-report)","decl":{"start":{"line":1,"column":256},"end":{"line":9,"column":40}},"loc":{"start":{"line":1,"column":256},"end":{"line":9,"column":40}},"line":1}},"f":{"0":0}}
,"C:\\data\\dev\\go\\src\\github.com\\coco-papiyon\\korobokcle\\tests\\base\\source\\coco-papiyon-korobokcle-issue_110\\frontend\\src\\router.ts": {"path":"C:\\data\\dev\\go\\src\\github.com\\coco-papiyon\\korobokcle\\tests\\base\\source\\coco-papiyon-korobokcle-issue_110\\frontend\\src\\router.ts","all":true,"statementMap":{"0":{"start":{"line":1,"column":0},"end":{"line":1,"column":59}},"12":{"start":{"line":13,"column":0},"end":{"line":13,"column":36}},"13":{"start":{"line":14,"column":0},"end":{"line":14,"column":30}},"14":{"start":{"line":15,"column":0},"end":{"line":15,"column":11}},"15":{"start":{"line":16,"column":0},"end":{"line":16,"column":63}},"16":{"start":{"line":17,"column":0},"end":{"line":17,"column":60}},"17":{"start":{"line":18,"column":0},"end":{"line":18,"column":81}},"18":{"start":{"line":19,"column":0},"end":{"line":19,"column":85}},"19":{"start":{"line":20,"column":0},"end":{"line":20,"column":69}},"20":{"start":{"line":21,"column":0},"end":{"line":21,"column":82}},"21":{"start":{"line":22,"column":0},"end":{"line":22,"column":92}},"22":{"start":{"line":23,"column":0},"end":{"line":23,"column":92}},"23":{"start":{"line":24,"column":0},"end":{"line":24,"column":86}},"24":{"start":{"line":25,"column":0},"end":{"line":25,"column":81}},"25":{"start":{"line":26,"column":0},"end":{"line":26,"column":4}},"26":{"start":{"line":27,"column":0},"end":{"line":27,"column":2}}},"s":{"0":0,"12":0,"13":0,"14":0,"15":0,"16":0,"17":0,"18":0,"19":0,"20":0,"21":0,"22":0,"23":0,"24":0,"25":0,"26":0},"branchMap":{"0":{"type":"branch","line":1,"loc":{"start":{"line":1,"column":0},"end":{"line":27,"column":-759}},"locations":[{"start":{"line":1,"column":0},"end":{"line":27,"column":-759}}]}},"b":{"0":[0]},"fnMap":{"0":{"name":"(empty-report)","decl":{"start":{"line":1,"column":0},"end":{"line":27,"column":-759}},"loc":{"start":{"line":1,"column":0},"end":{"line":27,"column":-759}},"line":1}},"f":{"0":0}}
,"C:\\data\\dev\\go\\src\\github.com\\coco-papiyon\\korobokcle\\tests\\base\\source\\coco-papiyon-korobokcle-issue_110\\frontend\\src\\types.ts": {"path":"C:\\data\\dev\\go\\src\\github.com\\coco-papiyon\\korobokcle\\tests\\base\\source\\coco-papiyon-korobokcle-issue_110\\frontend\\src\\types.ts","all":true,"statementMap":{},"s":{},"branchMap":{"0":{"type":"branch","line":1,"loc":{"start":{"line":1,"column":4121},"end":{"line":225,"column":1}},"locations":[{"start":{"line":1,"column":4121},"end":{"line":225,"column":1}}]}},"b":{"0":[1]},"fnMap":{"0":{"name":"(empty-report)","decl":{"start":{"line":1,"column":4121},"end":{"line":225,"column":1}},"loc":{"start":{"line":1,"column":4121},"end":{"line":225,"column":1}},"line":1}},"f":{"0":1}}
,"C:\\data\\dev\\go\\src\\github.com\\coco-papiyon\\korobokcle\\tests\\base\\source\\coco-papiyon-korobokcle-issue_110\\frontend\\src\\components\\AppShell.vue": {"path":"C:\\data\\dev\\go\\src\\github.com\\coco-papiyon\\korobokcle\\tests\\base\\source\\coco-papiyon-korobokcle-issue_110\\frontend\\src\\components\\AppShell.vue","all":false,"statementMap":{"0":{"start":{"line":1,"column":0},"end":{"line":1,"column":24}},"8":{"start":{"line":9,"column":0},"end":{"line":9,"column":25}},"9":{"start":{"line":10,"column":0},"end":{"line":10,"column":42}},"10":{"start":{"line":11,"column":0},"end":{"line":11,"column":46}},"11":{"start":{"line":12,"column":0},"end":{"line":12,"column":70}},"12":{"start":{"line":13,"column":0},"end":{"line":13,"column":73}},"13":{"start":{"line":14,"column":0},"end":{"line":14,"column":86}},"14":{"start":{"line":15,"column":0},"end":{"line":15,"column":88}},"15":{"start":{"line":16,"column":0},"end":{"line":16,"column":87}},"16":{"start":{"line":17,"column":0},"end":{"line":17,"column":94}},"17":{"start":{"line":18,"column":0},"end":{"line":18,"column":92}},"18":{"start":{"line":19,"column":0},"end":{"line":19,"column":79}},"19":{"start":{"line":20,"column":0},"end":{"line":20,"column":71}},"20":{"start":{"line":21,"column":0},"end":{"line":21,"column":12}},"21":{"start":{"line":22,"column":0},"end":{"line":22,"column":56}},"22":{"start":{"line":23,"column":0},"end":{"line":23,"column":13}},"23":{"start":{"line":24,"column":0},"end":{"line":24,"column":27}},"24":{"start":{"line":25,"column":0},"end":{"line":25,"column":14}},"25":{"start":{"line":26,"column":0},"end":{"line":26,"column":11}},"26":{"start":{"line":27,"column":0},"end":{"line":27,"column":8}}},"s":{"0":1,"8":1,"9":1,"10":1,"11":1,"12":1,"13":1,"14":1,"15":1,"16":1,"17":1,"18":1,"19":1,"20":1,"21":1,"22":1,"23":1,"24":1,"25":1,"26":1},"branchMap":{"0":{"type":"branch","line":12,"loc":{"start":{"line":12,"column":50},"end":{"line":12,"column":70}},"locations":[{"start":{"line":12,"column":50},"end":{"line":12,"column":70}}]},"1":{"type":"branch","line":13,"loc":{"start":{"line":13,"column":58},"end":{"line":13,"column":73}},"locations":[{"start":{"line":13,"column":58},"end":{"line":13,"column":73}}]},"2":{"type":"branch","line":14,"loc":{"start":{"line":14,"column":66},"end":{"line":14,"column":86}},"locations":[{"start":{"line":14,"column":66},"end":{"line":14,"column":86}}]},"3":{"type":"branch","line":15,"loc":{"start":{"line":15,"column":70},"end":{"line":15,"column":88}},"locations":[{"start":{"line":15,"column":70},"end":{"line":15,"column":88}}]},"4":{"type":"branch","line":16,"loc":{"start":{"line":16,"column":68},"end":{"line":16,"column":87}},"locations":[{"start":{"line":16,"column":68},"end":{"line":16,"column":87}}]},"5":{"type":"branch","line":17,"loc":{"start":{"line":17,"column":72},"end":{"line":17,"column":94}},"locations":[{"start":{"line":17,"column":72},"end":{"line":17,"column":94}}]},"6":{"type":"branch","line":18,"loc":{"start":{"line":18,"column":72},"end":{"line":18,"column":92}},"locations":[{"start":{"line":18,"column":72},"end":{"line":18,"column":92}}]},"7":{"type":"branch","line":19,"loc":{"start":{"line":19,"column":62},"end":{"line":19,"column":79}},"locations":[{"start":{"line":19,"column":62},"end":{"line":19,"column":79}}]},"8":{"type":"branch","line":20,"loc":{"start":{"line":20,"column":55},"end":{"line":20,"column":71}},"locations":[{"start":{"line":20,"column":55},"end":{"line":20,"column":71}}]}},"b":{"0":[6],"1":[6],"2":[6],"3":[6],"4":[6],"5":[6],"6":[6],"7":[6],"8":[6]},"fnMap":{},"f":{}}
,"C:\\data\\dev\\go\\src\\github.com\\coco-papiyon\\korobokcle\\tests\\base\\source\\coco-papiyon-korobokcle-issue_110\\frontend\\src\\components\\AsyncState.vue": {"path":"C:\\data\\dev\\go\\src\\github.com\\coco-papiyon\\korobokcle\\tests\\base\\source\\coco-papiyon-korobokcle-issue_110\\frontend\\src\\components\\AsyncState.vue","all":false,"statementMap":{"0":{"start":{"line":1,"column":0},"end":{"line":1,"column":24}},"1":{"start":{"line":2,"column":0},"end":{"line":2,"column":62}},"10":{"start":{"line":11,"column":0},"end":{"line":11,"column":50}},"11":{"start":{"line":12,"column":0},"end":{"line":12,"column":59}},"12":{"start":{"line":13,"column":0},"end":{"line":13,"column":42}},"13":{"start":{"line":14,"column":0},"end":{"line":14,"column":8}},"14":{"start":{"line":15,"column":0},"end":{"line":15,"column":70}},"15":{"start":{"line":16,"column":0},"end":{"line":16,"column":57}},"16":{"start":{"line":17,"column":0},"end":{"line":17,"column":22}},"17":{"start":{"line":18,"column":0},"end":{"line":18,"column":8}},"18":{"start":{"line":19,"column":0},"end":{"line":19,"column":17}}},"s":{"0":1,"1":1,"10":1,"11":2,"12":2,"13":40,"14":40,"15":0,"16":0,"17":40,"18":40},"branchMap":{"0":{"type":"branch","line":11,"loc":{"start":{"line":11,"column":13},"end":{"line":13,"column":42}},"locations":[{"start":{"line":11,"column":13},"end":{"line":13,"column":42}}]},"1":{"type":"branch","line":13,"loc":{"start":{"line":13,"column":38},"end":{"line":19,"column":17}},"locations":[{"start":{"line":13,"column":38},"end":{"line":19,"column":17}}]},"2":{"type":"branch","line":15,"loc":{"start":{"line":15,"column":18},"end":{"line":17,"column":22}},"locations":[{"start":{"line":15,"column":18},"end":{"line":17,"column":22}}]}},"b":{"0":[2],"1":[40],"2":[0]},"fnMap":{},"f":{}}
,"C:\\data\\dev\\go\\src\\github.com\\coco-papiyon\\korobokcle\\tests\\base\\source\\coco-papiyon-korobokcle-issue_110\\frontend\\src\\components\\DataTable.vue": {"path":"C:\\data\\dev\\go\\src\\github.com\\coco-papiyon\\korobokcle\\tests\\base\\source\\coco-papiyon-korobokcle-issue_110\\frontend\\src\\components\\DataTable.vue","all":false,"statementMap":{"0":{"start":{"line":1,"column":0},"end":{"line":1,"column":24}},"7":{"start":{"line":8,"column":0},"end":{"line":8,"column":32}},"8":{"start":{"line":9,"column":0},"end":{"line":9,"column":30}},"9":{"start":{"line":10,"column":0},"end":{"line":10,"column":13}},"10":{"start":{"line":11,"column":0},"end":{"line":11,"column":12}},"11":{"start":{"line":12,"column":0},"end":{"line":12,"column":71}},"12":{"start":{"line":13,"column":0},"end":{"line":13,"column":13}},"13":{"start":{"line":14,"column":0},"end":{"line":14,"column":14}},"14":{"start":{"line":15,"column":0},"end":{"line":15,"column":13}},"15":{"start":{"line":16,"column":0},"end":{"line":16,"column":16}},"16":{"start":{"line":17,"column":0},"end":{"line":17,"column":14}},"17":{"start":{"line":18,"column":0},"end":{"line":18,"column":12}},"18":{"start":{"line":19,"column":0},"end":{"line":19,"column":8}}},"s":{"0":1,"7":1,"8":1,"9":1,"10":1,"11":1,"12":1,"13":1,"14":1,"15":1,"16":1,"17":1,"18":1},"branchMap":{"0":{"type":"branch","line":12,"loc":{"start":{"line":12,"column":38},"end":{"line":12,"column":71}},"locations":[{"start":{"line":12,"column":38},"end":{"line":12,"column":71}}]}},"b":{"0":[95]},"fnMap":{},"f":{}}
,"C:\\data\\dev\\go\\src\\github.com\\coco-papiyon\\korobokcle\\tests\\base\\source\\coco-papiyon-korobokcle-issue_110\\frontend\\src\\components\\PanelCard.vue": {"path":"C:\\data\\dev\\go\\src\\github.com\\coco-papiyon\\korobokcle\\tests\\base\\source\\coco-papiyon-korobokcle-issue_110\\frontend\\src\\components\\PanelCard.vue","all":false,"statementMap":{"0":{"start":{"line":1,"column":0},"end":{"line":1,"column":24}},"8":{"start":{"line":9,"column":0},"end":{"line":9,"column":25}},"9":{"start":{"line":10,"column":0},"end":{"line":10,"column":26}},"10":{"start":{"line":11,"column":0},"end":{"line":11,"column":28}},"11":{"start":{"line":12,"column":0},"end":{"line":12,"column":28}},"12":{"start":{"line":13,"column":0},"end":{"line":13,"column":70}},"13":{"start":{"line":14,"column":0},"end":{"line":14,"column":12}},"14":{"start":{"line":15,"column":0},"end":{"line":15,"column":14}},"15":{"start":{"line":16,"column":0},"end":{"line":16,"column":10}},"16":{"start":{"line":17,"column":0},"end":{"line":17,"column":12}}},"s":{"0":1,"8":1,"9":1,"10":1,"11":1,"12":1,"13":1,"14":1,"15":1,"16":1},"branchMap":{"0":{"type":"branch","line":13,"loc":{"start":{"line":13,"column":17},"end":{"line":13,"column":70}},"locations":[{"start":{"line":13,"column":17},"end":{"line":13,"column":70}}]},"1":{"type":"branch","line":13,"loc":{"start":{"line":13,"column":63},"end":{"line":13,"column":70}},"locations":[{"start":{"line":13,"column":63},"end":{"line":13,"column":70}}]}},"b":{"0":[14],"1":[34]},"fnMap":{},"f":{}}
,"C:\\data\\dev\\go\\src\\github.com\\coco-papiyon\\korobokcle\\tests\\base\\source\\coco-papiyon-korobokcle-issue_110\\frontend\\src\\components\\StateBadge.vue": {"path":"C:\\data\\dev\\go\\src\\github.com\\coco-papiyon\\korobokcle\\tests\\base\\source\\coco-papiyon-korobokcle-issue_110\\frontend\\src\\components\\StateBadge.vue","all":false,"statementMap":{"0":{"start":{"line":1,"column":0},"end":{"line":1,"column":24}},"1":{"start":{"line":2,"column":0},"end":{"line":2,"column":30}},"2":{"start":{"line":3,"column":0},"end":{"line":3,"column":47}},"4":{"start":{"line":5,"column":0},"end":{"line":5,"column":27}},"8":{"start":{"line":9,"column":0},"end":{"line":9,"column":34}},"9":{"start":{"line":10,"column":0},"end":{"line":10,"column":114}},"10":{"start":{"line":11,"column":0},"end":{"line":11,"column":32}},"11":{"start":{"line":12,"column":0},"end":{"line":12,"column":3}},"12":{"start":{"line":13,"column":0},"end":{"line":13,"column":40}},"13":{"start":{"line":14,"column":0},"end":{"line":14,"column":33}},"14":{"start":{"line":15,"column":0},"end":{"line":15,"column":3}},"15":{"start":{"line":16,"column":0},"end":{"line":16,"column":104}},"16":{"start":{"line":17,"column":0},"end":{"line":17,"column":33}},"17":{"start":{"line":18,"column":0},"end":{"line":18,"column":3}},"18":{"start":{"line":19,"column":0},"end":{"line":19,"column":31}},"19":{"start":{"line":20,"column":0},"end":{"line":20,"column":2}},"23":{"start":{"line":24,"column":0},"end":{"line":24,"column":83}}},"s":{"0":1,"1":1,"2":1,"4":1,"8":1,"9":5,"10":3,"11":3,"12":2,"13":2,"14":2,"15":5,"16":0,"17":0,"18":0,"19":1,"23":1},"branchMap":{"0":{"type":"branch","line":9,"loc":{"start":{"line":9,"column":27},"end":{"line":20,"column":1}},"locations":[{"start":{"line":9,"column":27},"end":{"line":20,"column":1}}]},"1":{"type":"branch","line":10,"loc":{"start":{"line":10,"column":35},"end":{"line":10,"column":76}},"locations":[{"start":{"line":10,"column":35},"end":{"line":10,"column":76}}]},"2":{"type":"branch","line":10,"loc":{"start":{"line":10,"column":71},"end":{"line":10,"column":113}},"locations":[{"start":{"line":10,"column":71},"end":{"line":10,"column":113}}]},"3":{"type":"branch","line":10,"loc":{"start":{"line":10,"column":113},"end":{"line":12,"column":3}},"locations":[{"start":{"line":10,"column":113},"end":{"line":12,"column":3}}]},"4":{"type":"branch","line":12,"loc":{"start":{"line":12,"column":2},"end":{"line":15,"column":3}},"locations":[{"start":{"line":12,"column":2},"end":{"line":15,"column":3}}]},"5":{"type":"branch","line":15,"loc":{"start":{"line":15,"column":2},"end":{"line":16,"column":76}},"locations":[{"start":{"line":15,"column":2},"end":{"line":16,"column":76}}]},"6":{"type":"branch","line":16,"loc":{"start":{"line":16,"column":71},"end":{"line":16,"column":103}},"locations":[{"start":{"line":16,"column":71},"end":{"line":16,"column":103}}]},"7":{"type":"branch","line":16,"loc":{"start":{"line":16,"column":103},"end":{"line":19,"column":31}},"locations":[{"start":{"line":16,"column":103},"end":{"line":19,"column":31}}]}},"b":{"0":[5],"1":[2],"2":[2],"3":[3],"4":[2],"5":[0],"6":[0],"7":[0]},"fnMap":{},"f":{}}
,"C:\\data\\dev\\go\\src\\github.com\\coco-papiyon\\korobokcle\\tests\\base\\source\\coco-papiyon-korobokcle-issue_110\\frontend\\src\\composables\\useAsyncData.ts": {"path":"C:\\data\\dev\\go\\src\\github.com\\coco-papiyon\\korobokcle\\tests\\base\\source\\coco-papiyon-korobokcle-issue_110\\frontend\\src\\composables\\useAsyncData.ts","all":false,"statementMap":{"0":{"start":{"line":1,"column":0},"end":{"line":1,"column":63}},"12":{"start":{"line":13,"column":0},"end":{"line":13,"column":97}},"13":{"start":{"line":14,"column":0},"end":{"line":14,"column":34}},"14":{"start":{"line":15,"column":0},"end":{"line":15,"column":29}},"15":{"start":{"line":16,"column":0},"end":{"line":16,"column":33}},"16":{"start":{"line":17,"column":0},"end":{"line":17,"column":40}},"17":{"start":{"line":18,"column":0},"end":{"line":18,"column":37}},"19":{"start":{"line":20,"column":0},"end":{"line":20,"column":29}},"20":{"start":{"line":21,"column":0},"end":{"line":21,"column":29}},"21":{"start":{"line":22,"column":0},"end":{"line":22,"column":37}},"22":{"start":{"line":23,"column":0},"end":{"line":23,"column":22}},"23":{"start":{"line":24,"column":0},"end":{"line":24,"column":5}},"24":{"start":{"line":25,"column":0},"end":{"line":25,"column":3}},"26":{"start":{"line":27,"column":0},"end":{"line":27,"column":60}},"27":{"start":{"line":28,"column":0},"end":{"line":28,"column":62}},"28":{"start":{"line":29,"column":0},"end":{"line":29,"column":17}},"29":{"start":{"line":30,"column":0},"end":{"line":30,"column":31}},"30":{"start":{"line":31,"column":0},"end":{"line":31,"column":12}},"31":{"start":{"line":32,"column":0},"end":{"line":32,"column":28}},"32":{"start":{"line":33,"column":0},"end":{"line":33,"column":24}},"33":{"start":{"line":34,"column":0},"end":{"line":34,"column":5}},"34":{"start":{"line":35,"column":0},"end":{"line":35,"column":9}},"35":{"start":{"line":36,"column":0},"end":{"line":36,"column":33}},"36":{"start":{"line":37,"column":0},"end":{"line":37,"column":81}},"37":{"start":{"line":38,"column":0},"end":{"line":38,"column":19}},"38":{"start":{"line":39,"column":0},"end":{"line":39,"column":26}},"39":{"start":{"line":40,"column":0},"end":{"line":40,"column":7}},"40":{"start":{"line":41,"column":0},"end":{"line":41,"column":19}},"41":{"start":{"line":42,"column":0},"end":{"line":42,"column":78}},"42":{"start":{"line":43,"column":0},"end":{"line":43,"column":15}},"43":{"start":{"line":44,"column":0},"end":{"line":44,"column":19}},"44":{"start":{"line":45,"column":0},"end":{"line":45,"column":34}},"45":{"start":{"line":46,"column":0},"end":{"line":46,"column":14}},"46":{"start":{"line":47,"column":0},"end":{"line":47,"column":31}},"47":{"start":{"line":48,"column":0},"end":{"line":48,"column":7}},"48":{"start":{"line":49,"column":0},"end":{"line":49,"column":5}},"49":{"start":{"line":50,"column":0},"end":{"line":50,"column":3}},"51":{"start":{"line":52,"column":0},"end":{"line":52,"column":19}},"53":{"start":{"line":54,"column":0},"end":{"line":54,"column":8}},"54":{"start":{"line":55,"column":0},"end":{"line":55,"column":11}},"55":{"start":{"line":56,"column":0},"end":{"line":56,"column":57}},"56":{"start":{"line":57,"column":0},"end":{"line":57,"column":39}},"57":{"start":{"line":58,"column":0},"end":{"line":58,"column":7}},"58":{"start":{"line":59,"column":0},"end":{"line":59,"column":42}},"59":{"start":{"line":60,"column":0},"end":{"line":60,"column":6}},"60":{"start":{"line":61,"column":0},"end":{"line":61,"column":21}},"61":{"start":{"line":62,"column":0},"end":{"line":62,"column":22}},"62":{"start":{"line":63,"column":0},"end":{"line":63,"column":41}},"63":{"start":{"line":64,"column":0},"end":{"line":64,"column":46}},"64":{"start":{"line":65,"column":0},"end":{"line":65,"column":39}},"65":{"start":{"line":66,"column":0},"end":{"line":66,"column":22}},"66":{"start":{"line":67,"column":0},"end":{"line":67,"column":7}},"67":{"start":{"line":68,"column":0},"end":{"line":68,"column":6}},"68":{"start":{"line":69,"column":0},"end":{"line":69,"column":24}},"69":{"start":{"line":70,"column":0},"end":{"line":70,"column":3}},"71":{"start":{"line":72,"column":0},"end":{"line":72,"column":29}},"73":{"start":{"line":74,"column":0},"end":{"line":74,"column":10}},"74":{"start":{"line":75,"column":0},"end":{"line":75,"column":9}},"75":{"start":{"line":76,"column":0},"end":{"line":76,"column":14}},"76":{"start":{"line":77,"column":0},"end":{"line":77,"column":17}},"77":{"start":{"line":78,"column":0},"end":{"line":78,"column":10}},"78":{"start":{"line":79,"column":0},"end":{"line":79,"column":11}},"79":{"start":{"line":80,"column":0},"end":{"line":80,"column":3}},"80":{"start":{"line":81,"column":0},"end":{"line":81,"column":1}}},"s":{"0":1,"12":1,"13":4,"14":4,"15":4,"16":4,"17":4,"19":4,"20":6,"21":0,"22":0,"23":0,"24":6,"26":4,"27":11,"28":11,"29":7,"30":11,"31":4,"32":4,"33":4,"34":11,"35":11,"36":11,"37":11,"38":7,"39":7,"40":11,"41":0,"42":11,"43":11,"44":7,"45":11,"46":4,"47":4,"48":11,"49":11,"51":4,"53":4,"54":4,"55":6,"56":0,"57":0,"58":6,"59":6,"60":4,"61":6,"62":6,"63":2,"64":2,"65":2,"66":2,"67":6,"68":4,"69":4,"71":4,"73":4,"74":4,"75":4,"76":4,"77":4,"78":4,"79":4,"80":4},"branchMap":{"0":{"type":"branch","line":13,"loc":{"start":{"line":13,"column":7},"end":{"line":81,"column":1}},"locations":[{"start":{"line":13,"column":7},"end":{"line":81,"column":1}}]},"1":{"type":"branch","line":20,"loc":{"start":{"line":20,"column":2},"end":{"line":25,"column":3}},"locations":[{"start":{"line":20,"column":2},"end":{"line":25,"column":3}}]},"2":{"type":"branch","line":21,"loc":{"start":{"line":21,"column":28},"end":{"line":24,"column":5}},"locations":[{"start":{"line":21,"column":28},"end":{"line":24,"column":5}}]},"3":{"type":"branch","line":27,"loc":{"start":{"line":27,"column":2},"end":{"line":50,"column":3}},"locations":[{"start":{"line":27,"column":2},"end":{"line":50,"column":3}}]},"4":{"type":"branch","line":28,"loc":{"start":{"line":28,"column":33},"end":{"line":28,"column":62}},"locations":[{"start":{"line":28,"column":33},"end":{"line":28,"column":62}}]},"5":{"type":"branch","line":29,"loc":{"start":{"line":29,"column":16},"end":{"line":31,"column":11}},"locations":[{"start":{"line":29,"column":16},"end":{"line":31,"column":11}}]},"6":{"type":"branch","line":31,"loc":{"start":{"line":31,"column":4},"end":{"line":34,"column":5}},"locations":[{"start":{"line":31,"column":4},"end":{"line":34,"column":5}}]},"7":{"type":"branch","line":37,"loc":{"start":{"line":37,"column":27},"end":{"line":37,"column":77}},"locations":[{"start":{"line":37,"column":27},"end":{"line":37,"column":77}}]},"8":{"type":"branch","line":38,"loc":{"start":{"line":38,"column":18},"end":{"line":40,"column":7}},"locations":[{"start":{"line":38,"column":18},"end":{"line":40,"column":7}}]},"9":{"type":"branch","line":41,"loc":{"start":{"line":41,"column":4},"end":{"line":43,"column":6}},"locations":[{"start":{"line":41,"column":4},"end":{"line":43,"column":6}}]},"10":{"type":"branch","line":44,"loc":{"start":{"line":44,"column":18},"end":{"line":46,"column":13}},"locations":[{"start":{"line":44,"column":18},"end":{"line":46,"column":13}}]},"11":{"type":"branch","line":46,"loc":{"start":{"line":46,"column":6},"end":{"line":48,"column":7}},"locations":[{"start":{"line":46,"column":6},"end":{"line":48,"column":7}}]},"12":{"type":"branch","line":55,"loc":{"start":{"line":55,"column":4},"end":{"line":60,"column":6}},"locations":[{"start":{"line":55,"column":4},"end":{"line":60,"column":6}}]},"13":{"type":"branch","line":56,"loc":{"start":{"line":56,"column":56},"end":{"line":58,"column":7}},"locations":[{"start":{"line":56,"column":56},"end":{"line":58,"column":7}}]},"14":{"type":"branch","line":61,"loc":{"start":{"line":61,"column":4},"end":{"line":68,"column":6}},"locations":[{"start":{"line":61,"column":4},"end":{"line":68,"column":6}}]},"15":{"type":"branch","line":63,"loc":{"start":{"line":63,"column":10},"end":{"line":63,"column":40}},"locations":[{"start":{"line":63,"column":10},"end":{"line":63,"column":40}}]},"16":{"type":"branch","line":63,"loc":{"start":{"line":63,"column":40},"end":{"line":67,"column":7}},"locations":[{"start":{"line":63,"column":40},"end":{"line":67,"column":7}}]},"17":{"type":"branch","line":64,"loc":{"start":{"line":64,"column":39},"end":{"line":66,"column":11}},"locations":[{"start":{"line":64,"column":39},"end":{"line":66,"column":11}}]}},"b":{"0":[4],"1":[6],"2":[0],"3":[11],"4":[9],"5":[7],"6":[4],"7":[0],"8":[7],"9":[0],"10":[7],"11":[4],"12":[6],"13":[0],"14":[6],"15":[2],"16":[2],"17":[2]},"fnMap":{"0":{"name":"useAsyncData","decl":{"start":{"line":13,"column":7},"end":{"line":81,"column":1}},"loc":{"start":{"line":13,"column":7},"end":{"line":81,"column":1}},"line":13},"1":{"name":"clearPollTimer","decl":{"start":{"line":20,"column":2},"end":{"line":25,"column":3}},"loc":{"start":{"line":20,"column":2},"end":{"line":25,"column":3}},"line":20},"2":{"name":"reload","decl":{"start":{"line":27,"column":2},"end":{"line":50,"column":3}},"loc":{"start":{"line":27,"column":2},"end":{"line":50,"column":3}},"line":27},"3":{"name":"__vite_ssr_import_0__.watch.immediate","decl":{"start":{"line":61,"column":4},"end":{"line":68,"column":6}},"loc":{"start":{"line":61,"column":4},"end":{"line":68,"column":6}},"line":61}},"f":{"0":4,"1":6,"2":11,"3":6}}
,"C:\\data\\dev\\go\\src\\github.com\\coco-papiyon\\korobokcle\\tests\\base\\source\\coco-papiyon-korobokcle-issue_110\\frontend\\src\\lib\\api.ts": {"path":"C:\\data\\dev\\go\\src\\github.com\\coco-papiyon\\korobokcle\\tests\\base\\source\\coco-papiyon-korobokcle-issue_110\\frontend\\src\\lib\\api.ts","all":false,"statementMap":{"0":{"start":{"line":1,"column":0},"end":{"line":1,"column":233}},"3":{"start":{"line":4,"column":0},"end":{"line":4,"column":73}},"4":{"start":{"line":5,"column":0},"end":{"line":5,"column":38}},"5":{"start":{"line":6,"column":0},"end":{"line":6,"column":12}},"6":{"start":{"line":7,"column":0},"end":{"line":7,"column":14}},"7":{"start":{"line":8,"column":0},"end":{"line":8,"column":33}},"8":{"start":{"line":9,"column":0},"end":{"line":9,"column":68}},"9":{"start":{"line":10,"column":0},"end":{"line":10,"column":23}},"10":{"start":{"line":11,"column":0},"end":{"line":11,"column":6}},"11":{"start":{"line":12,"column":0},"end":{"line":12,"column":4}},"13":{"start":{"line":14,"column":0},"end":{"line":14,"column":21}},"14":{"start":{"line":15,"column":0},"end":{"line":15,"column":90}},"15":{"start":{"line":16,"column":0},"end":{"line":16,"column":76}},"16":{"start":{"line":17,"column":0},"end":{"line":17,"column":3}},"18":{"start":{"line":19,"column":0},"end":{"line":19,"column":37}},"19":{"start":{"line":20,"column":0},"end":{"line":20,"column":1}},"21":{"start":{"line":22,"column":0},"end":{"line":22,"column":96}},"22":{"start":{"line":23,"column":0},"end":{"line":23,"column":75}},"23":{"start":{"line":24,"column":0},"end":{"line":24,"column":1}},"25":{"start":{"line":26,"column":0},"end":{"line":26,"column":67}},"26":{"start":{"line":27,"column":0},"end":{"line":27,"column":49}},"27":{"start":{"line":28,"column":0},"end":{"line":28,"column":1}},"29":{"start":{"line":30,"column":0},"end":{"line":30,"column":77}},"30":{"start":{"line":31,"column":0},"end":{"line":31,"column":68}},"31":{"start":{"line":32,"column":0},"end":{"line":32,"column":1}},"33":{"start":{"line":34,"column":0},"end":{"line":34,"column":77}},"34":{"start":{"line":35,"column":0},"end":{"line":35,"column":70}},"35":{"start":{"line":36,"column":0},"end":{"line":36,"column":1}},"37":{"start":{"line":38,"column":0},"end":{"line":38,"column":93}},"38":{"start":{"line":39,"column":0},"end":{"line":39,"column":71}},"39":{"start":{"line":40,"column":0},"end":{"line":40,"column":19}},"40":{"start":{"line":41,"column":0},"end":{"line":41,"column":38}},"41":{"start":{"line":42,"column":0},"end":{"line":42,"column":4}},"42":{"start":{"line":43,"column":0},"end":{"line":43,"column":1}},"44":{"start":{"line":45,"column":0},"end":{"line":45,"column":68}},"45":{"start":{"line":46,"column":0},"end":{"line":46,"column":59}},"46":{"start":{"line":47,"column":0},"end":{"line":47,"column":1}},"48":{"start":{"line":49,"column":0},"end":{"line":49,"column":83}},"49":{"start":{"line":50,"column":0},"end":{"line":50,"column":65}},"50":{"start":{"line":51,"column":0},"end":{"line":51,"column":1}},"52":{"start":{"line":53,"column":0},"end":{"line":53,"column":111}},"53":{"start":{"line":54,"column":0},"end":{"line":54,"column":73}},"54":{"start":{"line":55,"column":0},"end":{"line":55,"column":18}},"55":{"start":{"line":56,"column":0},"end":{"line":56,"column":43}},"56":{"start":{"line":57,"column":0},"end":{"line":57,"column":4}},"57":{"start":{"line":58,"column":0},"end":{"line":58,"column":1}},"59":{"start":{"line":60,"column":0},"end":{"line":60,"column":116}},"60":{"start":{"line":61,"column":0},"end":{"line":61,"column":75}},"61":{"start":{"line":62,"column":0},"end":{"line":62,"column":19}},"62":{"start":{"line":63,"column":0},"end":{"line":63,"column":50}},"63":{"start":{"line":64,"column":0},"end":{"line":64,"column":4}},"64":{"start":{"line":65,"column":0},"end":{"line":65,"column":1}},"66":{"start":{"line":67,"column":0},"end":{"line":67,"column":115}},"67":{"start":{"line":68,"column":0},"end":{"line":68,"column":74}},"68":{"start":{"line":69,"column":0},"end":{"line":69,"column":19}},"69":{"start":{"line":70,"column":0},"end":{"line":70,"column":50}},"70":{"start":{"line":71,"column":0},"end":{"line":71,"column":4}},"71":{"start":{"line":72,"column":0},"end":{"line":72,"column":1}},"73":{"start":{"line":74,"column":0},"end":{"line":74,"column":104}},"74":{"start":{"line":75,"column":0},"end":{"line":75,"column":78}},"75":{"start":{"line":76,"column":0},"end":{"line":76,"column":19}},"76":{"start":{"line":77,"column":0},"end":{"line":77,"column":46}},"77":{"start":{"line":78,"column":0},"end":{"line":78,"column":4}},"78":{"start":{"line":79,"column":0},"end":{"line":79,"column":1}},"80":{"start":{"line":81,"column":0},"end":{"line":81,"column":129}},"81":{"start":{"line":82,"column":0},"end":{"line":82,"column":77}},"82":{"start":{"line":83,"column":0},"end":{"line":83,"column":18}},"83":{"start":{"line":84,"column":0},"end":{"line":84,"column":36}},"84":{"start":{"line":85,"column":0},"end":{"line":85,"column":4}},"85":{"start":{"line":86,"column":0},"end":{"line":86,"column":1}},"87":{"start":{"line":88,"column":0},"end":{"line":88,"column":76}},"88":{"start":{"line":89,"column":0},"end":{"line":89,"column":72}},"89":{"start":{"line":90,"column":0},"end":{"line":90,"column":19}},"90":{"start":{"line":91,"column":0},"end":{"line":91,"column":4}},"91":{"start":{"line":92,"column":0},"end":{"line":92,"column":1}},"93":{"start":{"line":94,"column":0},"end":{"line":94,"column":102}},"94":{"start":{"line":95,"column":0},"end":{"line":95,"column":81}},"95":{"start":{"line":96,"column":0},"end":{"line":96,"column":19}},"96":{"start":{"line":97,"column":0},"end":{"line":97,"column":46}},"97":{"start":{"line":98,"column":0},"end":{"line":98,"column":4}},"98":{"start":{"line":99,"column":0},"end":{"line":99,"column":1}},"100":{"start":{"line":101,"column":0},"end":{"line":101,"column":62}},"101":{"start":{"line":102,"column":0},"end":{"line":102,"column":58}},"102":{"start":{"line":103,"column":0},"end":{"line":103,"column":19}},"103":{"start":{"line":104,"column":0},"end":{"line":104,"column":4}},"104":{"start":{"line":105,"column":0},"end":{"line":105,"column":1}},"106":{"start":{"line":107,"column":0},"end":{"line":107,"column":63}},"107":{"start":{"line":108,"column":0},"end":{"line":108,"column":59}},"108":{"start":{"line":109,"column":0},"end":{"line":109,"column":19}},"109":{"start":{"line":110,"column":0},"end":{"line":110,"column":4}},"110":{"start":{"line":111,"column":0},"end":{"line":111,"column":1}},"112":{"start":{"line":113,"column":0},"end":{"line":113,"column":70}},"113":{"start":{"line":114,"column":0},"end":{"line":114,"column":66}},"114":{"start":{"line":115,"column":0},"end":{"line":115,"column":19}},"115":{"start":{"line":116,"column":0},"end":{"line":116,"column":4}},"116":{"start":{"line":117,"column":0},"end":{"line":117,"column":1}},"118":{"start":{"line":119,"column":0},"end":{"line":119,"column":123}},"119":{"start":{"line":120,"column":0},"end":{"line":120,"column":68}},"120":{"start":{"line":121,"column":0},"end":{"line":121,"column":19}},"121":{"start":{"line":122,"column":0},"end":{"line":122,"column":46}},"122":{"start":{"line":123,"column":0},"end":{"line":123,"column":4}},"123":{"start":{"line":124,"column":0},"end":{"line":124,"column":1}},"125":{"start":{"line":126,"column":0},"end":{"line":126,"column":105}},"126":{"start":{"line":127,"column":0},"end":{"line":127,"column":65}},"127":{"start":{"line":128,"column":0},"end":{"line":128,"column":19}},"128":{"start":{"line":129,"column":0},"end":{"line":129,"column":47}},"129":{"start":{"line":130,"column":0},"end":{"line":130,"column":4}},"130":{"start":{"line":131,"column":0},"end":{"line":131,"column":1}},"132":{"start":{"line":133,"column":0},"end":{"line":133,"column":122}},"133":{"start":{"line":134,"column":0},"end":{"line":134,"column":67}},"134":{"start":{"line":135,"column":0},"end":{"line":135,"column":19}},"135":{"start":{"line":136,"column":0},"end":{"line":136,"column":46}},"136":{"start":{"line":137,"column":0},"end":{"line":137,"column":4}},"137":{"start":{"line":138,"column":0},"end":{"line":138,"column":1}},"139":{"start":{"line":140,"column":0},"end":{"line":140,"column":113}},"140":{"start":{"line":141,"column":0},"end":{"line":141,"column":73}},"141":{"start":{"line":142,"column":0},"end":{"line":142,"column":19}},"142":{"start":{"line":143,"column":0},"end":{"line":143,"column":47}},"143":{"start":{"line":144,"column":0},"end":{"line":144,"column":4}},"144":{"start":{"line":145,"column":0},"end":{"line":145,"column":1}},"146":{"start":{"line":147,"column":0},"end":{"line":147,"column":101}},"147":{"start":{"line":148,"column":0},"end":{"line":148,"column":61}},"148":{"start":{"line":149,"column":0},"end":{"line":149,"column":19}},"149":{"start":{"line":150,"column":0},"end":{"line":150,"column":47}},"150":{"start":{"line":151,"column":0},"end":{"line":151,"column":4}},"151":{"start":{"line":152,"column":0},"end":{"line":152,"column":1}},"153":{"start":{"line":154,"column":0},"end":{"line":154,"column":105}},"154":{"start":{"line":155,"column":0},"end":{"line":155,"column":65}},"155":{"start":{"line":156,"column":0},"end":{"line":156,"column":19}},"156":{"start":{"line":157,"column":0},"end":{"line":157,"column":47}},"157":{"start":{"line":158,"column":0},"end":{"line":158,"column":4}},"158":{"start":{"line":159,"column":0},"end":{"line":159,"column":1}},"160":{"start":{"line":161,"column":0},"end":{"line":161,"column":89}},"161":{"start":{"line":162,"column":0},"end":{"line":162,"column":66}},"162":{"start":{"line":163,"column":0},"end":{"line":163,"column":19}},"163":{"start":{"line":164,"column":0},"end":{"line":164,"column":38}},"164":{"start":{"line":165,"column":0},"end":{"line":165,"column":4}},"165":{"start":{"line":166,"column":0},"end":{"line":166,"column":1}},"167":{"start":{"line":168,"column":0},"end":{"line":168,"column":73}},"168":{"start":{"line":169,"column":0},"end":{"line":169,"column":68}},"169":{"start":{"line":170,"column":0},"end":{"line":170,"column":19}},"170":{"start":{"line":171,"column":0},"end":{"line":171,"column":4}},"171":{"start":{"line":172,"column":0},"end":{"line":172,"column":1}},"173":{"start":{"line":174,"column":0},"end":{"line":174,"column":57}},"174":{"start":{"line":175,"column":0},"end":{"line":175,"column":49}},"175":{"start":{"line":176,"column":0},"end":{"line":176,"column":1}},"177":{"start":{"line":178,"column":0},"end":{"line":178,"column":74}},"178":{"start":{"line":179,"column":0},"end":{"line":179,"column":51}},"179":{"start":{"line":180,"column":0},"end":{"line":180,"column":18}},"180":{"start":{"line":181,"column":0},"end":{"line":181,"column":32}},"181":{"start":{"line":182,"column":0},"end":{"line":182,"column":4}},"182":{"start":{"line":183,"column":0},"end":{"line":183,"column":1}},"184":{"start":{"line":185,"column":0},"end":{"line":185,"column":61}},"185":{"start":{"line":186,"column":0},"end":{"line":186,"column":53}},"186":{"start":{"line":187,"column":0},"end":{"line":187,"column":1}},"188":{"start":{"line":189,"column":0},"end":{"line":189,"column":83}},"189":{"start":{"line":190,"column":0},"end":{"line":190,"column":55}},"190":{"start":{"line":191,"column":0},"end":{"line":191,"column":18}},"191":{"start":{"line":192,"column":0},"end":{"line":192,"column":35}},"192":{"start":{"line":193,"column":0},"end":{"line":193,"column":4}},"193":{"start":{"line":194,"column":0},"end":{"line":194,"column":1}},"195":{"start":{"line":196,"column":0},"end":{"line":196,"column":61}},"196":{"start":{"line":197,"column":0},"end":{"line":197,"column":53}},"197":{"start":{"line":198,"column":0},"end":{"line":198,"column":1}},"199":{"start":{"line":200,"column":0},"end":{"line":200,"column":83}},"200":{"start":{"line":201,"column":0},"end":{"line":201,"column":55}},"201":{"start":{"line":202,"column":0},"end":{"line":202,"column":18}},"202":{"start":{"line":203,"column":0},"end":{"line":203,"column":35}},"203":{"start":{"line":204,"column":0},"end":{"line":204,"column":4}},"204":{"start":{"line":205,"column":0},"end":{"line":205,"column":1}},"206":{"start":{"line":207,"column":0},"end":{"line":207,"column":91}},"207":{"start":{"line":208,"column":0},"end":{"line":208,"column":62}},"208":{"start":{"line":209,"column":0},"end":{"line":209,"column":19}},"209":{"start":{"line":210,"column":0},"end":{"line":210,"column":61}},"210":{"start":{"line":211,"column":0},"end":{"line":211,"column":4}},"211":{"start":{"line":212,"column":0},"end":{"line":212,"column":1}},"213":{"start":{"line":214,"column":0},"end":{"line":214,"column":68}},"214":{"start":{"line":215,"column":0},"end":{"line":215,"column":61}},"215":{"start":{"line":216,"column":0},"end":{"line":216,"column":19}},"216":{"start":{"line":217,"column":0},"end":{"line":217,"column":4}},"217":{"start":{"line":218,"column":0},"end":{"line":218,"column":1}},"219":{"start":{"line":220,"column":0},"end":{"line":220,"column":54}},"220":{"start":{"line":221,"column":0},"end":{"line":221,"column":46}},"221":{"start":{"line":222,"column":0},"end":{"line":222,"column":1}},"223":{"start":{"line":224,"column":0},"end":{"line":224,"column":30}},"224":{"start":{"line":225,"column":0},"end":{"line":225,"column":18}},"238":{"start":{"line":239,"column":0},"end":{"line":239,"column":23}},"239":{"start":{"line":240,"column":0},"end":{"line":240,"column":48}},"240":{"start":{"line":241,"column":0},"end":{"line":241,"column":18}},"241":{"start":{"line":242,"column":0},"end":{"line":242,"column":33}},"242":{"start":{"line":243,"column":0},"end":{"line":243,"column":4}},"243":{"start":{"line":244,"column":0},"end":{"line":244,"column":1}},"245":{"start":{"line":246,"column":0},"end":{"line":246,"column":72}},"246":{"start":{"line":247,"column":0},"end":{"line":247,"column":64}},"247":{"start":{"line":248,"column":0},"end":{"line":248,"column":1}},"249":{"start":{"line":250,"column":0},"end":{"line":250,"column":97}},"250":{"start":{"line":251,"column":0},"end":{"line":251,"column":66}},"251":{"start":{"line":252,"column":0},"end":{"line":252,"column":18}},"252":{"start":{"line":253,"column":0},"end":{"line":253,"column":33}},"253":{"start":{"line":254,"column":0},"end":{"line":254,"column":4}},"254":{"start":{"line":255,"column":0},"end":{"line":255,"column":1}},"256":{"start":{"line":257,"column":0},"end":{"line":257,"column":62}},"257":{"start":{"line":258,"column":0},"end":{"line":258,"column":53}},"258":{"start":{"line":259,"column":0},"end":{"line":259,"column":1}},"260":{"start":{"line":261,"column":0},"end":{"line":261,"column":64}},"261":{"start":{"line":262,"column":0},"end":{"line":262,"column":72}},"262":{"start":{"line":263,"column":0},"end":{"line":263,"column":1}},"264":{"start":{"line":265,"column":0},"end":{"line":265,"column":81}},"265":{"start":{"line":266,"column":0},"end":{"line":266,"column":46}},"266":{"start":{"line":267,"column":0},"end":{"line":267,"column":19}},"267":{"start":{"line":268,"column":0},"end":{"line":268,"column":43}},"268":{"start":{"line":269,"column":0},"end":{"line":269,"column":4}},"269":{"start":{"line":270,"column":0},"end":{"line":270,"column":1}},"271":{"start":{"line":272,"column":0},"end":{"line":272,"column":69}},"272":{"start":{"line":273,"column":0},"end":{"line":273,"column":83}},"273":{"start":{"line":274,"column":0},"end":{"line":274,"column":18}},"274":{"start":{"line":275,"column":0},"end":{"line":275,"column":35}},"275":{"start":{"line":276,"column":0},"end":{"line":276,"column":4}},"276":{"start":{"line":277,"column":0},"end":{"line":277,"column":1}},"278":{"start":{"line":279,"column":0},"end":{"line":279,"column":75}},"279":{"start":{"line":280,"column":0},"end":{"line":280,"column":84}},"280":{"start":{"line":281,"column":0},"end":{"line":281,"column":21}},"281":{"start":{"line":282,"column":0},"end":{"line":282,"column":4}},"282":{"start":{"line":283,"column":0},"end":{"line":283,"column":1}}},"s":{"0":1,"3":7,"4":7,"5":7,"6":7,"7":7,"8":7,"9":7,"10":7,"11":7,"13":7,"14":0,"15":0,"16":0,"18":7,"19":7,"21":1,"22":0,"23":0,"25":1,"26":0,"27":0,"29":1,"30":0,"31":0,"33":1,"34":0,"35":0,"37":1,"38":0,"39":0,"40":0,"41":0,"42":0,"44":1,"45":1,"46":1,"48":1,"49":1,"50":1,"52":1,"53":1,"54":1,"55":1,"56":1,"57":1,"59":1,"60":1,"61":1,"62":1,"63":1,"64":1,"66":1,"67":1,"68":1,"69":1,"70":1,"71":1,"73":1,"74":1,"75":1,"76":1,"77":1,"78":1,"80":1,"81":0,"82":0,"83":0,"84":0,"85":0,"87":1,"88":0,"89":0,"90":0,"91":0,"93":1,"94":1,"95":1,"96":1,"97":1,"98":1,"100":1,"101":0,"102":0,"103":0,"104":0,"106":1,"107":0,"108":0,"109":0,"110":0,"112":1,"113":0,"114":0,"115":0,"116":0,"118":1,"119":0,"120":0,"121":0,"122":0,"123":0,"125":1,"126":0,"127":0,"128":0,"129":0,"130":0,"132":1,"133":0,"134":0,"135":0,"136":0,"137":0,"139":1,"140":0,"141":0,"142":0,"143":0,"144":0,"146":1,"147":0,"148":0,"149":0,"150":0,"151":0,"153":1,"154":0,"155":0,"156":0,"157":0,"158":0,"160":1,"161":0,"162":0,"163":0,"164":0,"165":0,"167":1,"168":0,"169":0,"170":0,"171":0,"173":1,"174":0,"175":0,"177":1,"178":0,"179":0,"180":0,"181":0,"182":0,"184":1,"185":0,"186":0,"188":1,"189":0,"190":0,"191":0,"192":0,"193":0,"195":1,"196":0,"197":0,"199":1,"200":0,"201":0,"202":0,"203":0,"204":0,"206":1,"207":0,"208":0,"209":0,"210":0,"211":0,"213":1,"214":0,"215":0,"216":0,"217":0,"219":1,"220":0,"221":0,"223":1,"224":0,"238":0,"239":0,"240":0,"241":0,"242":0,"243":0,"245":1,"246":0,"247":0,"249":1,"250":0,"251":0,"252":0,"253":0,"254":0,"256":1,"257":0,"258":0,"260":1,"261":0,"262":0,"264":1,"265":0,"266":0,"267":0,"268":0,"269":0,"271":1,"272":0,"273":0,"274":0,"275":0,"276":0,"278":1,"279":0,"280":0,"281":0,"282":0},"branchMap":{"0":{"type":"branch","line":4,"loc":{"start":{"line":4,"column":0},"end":{"line":20,"column":1}},"locations":[{"start":{"line":4,"column":0},"end":{"line":20,"column":1}}]},"1":{"type":"branch","line":9,"loc":{"start":{"line":9,"column":10},"end":{"line":9,"column":23}},"locations":[{"start":{"line":9,"column":10},"end":{"line":9,"column":23}}]},"2":{"type":"branch","line":9,"loc":{"start":{"line":9,"column":16},"end":{"line":9,"column":64}},"locations":[{"start":{"line":9,"column":16},"end":{"line":9,"column":64}}]},"3":{"type":"branch","line":9,"loc":{"start":{"line":9,"column":60},"end":{"line":9,"column":68}},"locations":[{"start":{"line":9,"column":60},"end":{"line":9,"column":68}}]},"4":{"type":"branch","line":10,"loc":{"start":{"line":10,"column":9},"end":{"line":10,"column":23}},"locations":[{"start":{"line":10,"column":9},"end":{"line":10,"column":23}}]},"5":{"type":"branch","line":14,"loc":{"start":{"line":14,"column":20},"end":{"line":17,"column":3}},"locations":[{"start":{"line":14,"column":20},"end":{"line":17,"column":3}}]},"6":{"type":"branch","line":45,"loc":{"start":{"line":45,"column":7},"end":{"line":47,"column":1}},"locations":[{"start":{"line":45,"column":7},"end":{"line":47,"column":1}}]},"7":{"type":"branch","line":49,"loc":{"start":{"line":49,"column":7},"end":{"line":51,"column":1}},"locations":[{"start":{"line":49,"column":7},"end":{"line":51,"column":1}}]},"8":{"type":"branch","line":53,"loc":{"start":{"line":53,"column":7},"end":{"line":58,"column":1}},"locations":[{"start":{"line":53,"column":7},"end":{"line":58,"column":1}}]},"9":{"type":"branch","line":60,"loc":{"start":{"line":60,"column":7},"end":{"line":65,"column":1}},"locations":[{"start":{"line":60,"column":7},"end":{"line":65,"column":1}}]},"10":{"type":"branch","line":67,"loc":{"start":{"line":67,"column":7},"end":{"line":72,"column":1}},"locations":[{"start":{"line":67,"column":7},"end":{"line":72,"column":1}}]},"11":{"type":"branch","line":74,"loc":{"start":{"line":74,"column":7},"end":{"line":79,"column":1}},"locations":[{"start":{"line":74,"column":7},"end":{"line":79,"column":1}}]},"12":{"type":"branch","line":94,"loc":{"start":{"line":94,"column":7},"end":{"line":99,"column":1}},"locations":[{"start":{"line":94,"column":7},"end":{"line":99,"column":1}}]}},"b":{"0":[7],"1":[5],"2":[5],"3":[2],"4":[5],"5":[0],"6":[1],"7":[1],"8":[1],"9":[1],"10":[1],"11":[1],"12":[1]},"fnMap":{"0":{"name":"request","decl":{"start":{"line":4,"column":0},"end":{"line":20,"column":1}},"loc":{"start":{"line":4,"column":0},"end":{"line":20,"column":1}},"line":4},"1":{"name":"fetchJobs","decl":{"start":{"line":22,"column":7},"end":{"line":24,"column":1}},"loc":{"start":{"line":22,"column":7},"end":{"line":24,"column":1}},"line":22},"2":{"name":"fetchJobDetail","decl":{"start":{"line":26,"column":7},"end":{"line":28,"column":1}},"loc":{"start":{"line":26,"column":7},"end":{"line":28,"column":1}},"line":26},"3":{"name":"refreshIssueBody","decl":{"start":{"line":30,"column":7},"end":{"line":32,"column":1}},"loc":{"start":{"line":30,"column":7},"end":{"line":32,"column":1}},"line":30},"4":{"name":"fetchPRComments","decl":{"start":{"line":34,"column":7},"end":{"line":36,"column":1}},"loc":{"start":{"line":34,"column":7},"end":{"line":36,"column":1}},"line":34},"5":{"name":"analyzePRComment","decl":{"start":{"line":38,"column":7},"end":{"line":43,"column":1}},"loc":{"start":{"line":38,"column":7},"end":{"line":43,"column":1}},"line":38},"6":{"name":"fetchImprovements","decl":{"start":{"line":45,"column":7},"end":{"line":47,"column":1}},"loc":{"start":{"line":45,"column":7},"end":{"line":47,"column":1}},"line":45},"7":{"name":"fetchImprovementDetail","decl":{"start":{"line":49,"column":7},"end":{"line":51,"column":1}},"loc":{"start":{"line":49,"column":7},"end":{"line":51,"column":1}},"line":49},"8":{"name":"saveImprovementDraft","decl":{"start":{"line":53,"column":7},"end":{"line":58,"column":1}},"loc":{"start":{"line":53,"column":7},"end":{"line":58,"column":1}},"line":53},"9":{"name":"approveImprovement","decl":{"start":{"line":60,"column":7},"end":{"line":65,"column":1}},"loc":{"start":{"line":60,"column":7},"end":{"line":65,"column":1}},"line":60},"10":{"name":"rejectImprovement","decl":{"start":{"line":67,"column":7},"end":{"line":72,"column":1}},"loc":{"start":{"line":67,"column":7},"end":{"line":72,"column":1}},"line":67},"11":{"name":"regenerateImprovement","decl":{"start":{"line":74,"column":7},"end":{"line":79,"column":1}},"loc":{"start":{"line":74,"column":7},"end":{"line":79,"column":1}},"line":74},"12":{"name":"saveImprovementWorkspace","decl":{"start":{"line":81,"column":7},"end":{"line":86,"column":1}},"loc":{"start":{"line":81,"column":7},"end":{"line":86,"column":1}},"line":81},"13":{"name":"pushImprovement","decl":{"start":{"line":88,"column":7},"end":{"line":92,"column":1}},"loc":{"start":{"line":88,"column":7},"end":{"line":92,"column":1}},"line":88},"14":{"name":"generateImprovement","decl":{"start":{"line":94,"column":7},"end":{"line":99,"column":1}},"loc":{"start":{"line":94,"column":7},"end":{"line":99,"column":1}},"line":94},"15":{"name":"deleteJob","decl":{"start":{"line":101,"column":7},"end":{"line":105,"column":1}},"loc":{"start":{"line":101,"column":7},"end":{"line":105,"column":1}},"line":101},"16":{"name":"restoreJob","decl":{"start":{"line":107,"column":7},"end":{"line":111,"column":1}},"loc":{"start":{"line":107,"column":7},"end":{"line":111,"column":1}},"line":107},"17":{"name":"purgeJob","decl":{"start":{"line":113,"column":7},"end":{"line":117,"column":1}},"loc":{"start":{"line":113,"column":7},"end":{"line":117,"column":1}},"line":113},"18":{"name":"submitDesignApproval","decl":{"start":{"line":119,"column":7},"end":{"line":124,"column":1}},"loc":{"start":{"line":119,"column":7},"end":{"line":124,"column":1}},"line":119},"19":{"name":"submitDesignRerun","decl":{"start":{"line":126,"column":7},"end":{"line":131,"column":1}},"loc":{"start":{"line":126,"column":7},"end":{"line":131,"column":1}},"line":126},"20":{"name":"submitFinalApproval","decl":{"start":{"line":133,"column":7},"end":{"line":138,"column":1}},"loc":{"start":{"line":133,"column":7},"end":{"line":138,"column":1}},"line":133},"21":{"name":"submitImplementationRerun","decl":{"start":{"line":140,"column":7},"end":{"line":145,"column":1}},"loc":{"start":{"line":140,"column":7},"end":{"line":145,"column":1}},"line":140},"22":{"name":"submitPRRerun","decl":{"start":{"line":147,"column":7},"end":{"line":152,"column":1}},"loc":{"start":{"line":147,"column":7},"end":{"line":152,"column":1}},"line":147},"23":{"name":"submitReviewRerun","decl":{"start":{"line":154,"column":7},"end":{"line":159,"column":1}},"loc":{"start":{"line":154,"column":7},"end":{"line":159,"column":1}},"line":154},"24":{"name":"submitReviewComment","decl":{"start":{"line":161,"column":7},"end":{"line":166,"column":1}},"loc":{"start":{"line":161,"column":7},"end":{"line":166,"column":1}},"line":161},"25":{"name":"submitReviewApproval","decl":{"start":{"line":168,"column":7},"end":{"line":172,"column":1}},"loc":{"start":{"line":168,"column":7},"end":{"line":172,"column":1}},"line":168},"26":{"name":"fetchWatchRules","decl":{"start":{"line":174,"column":7},"end":{"line":176,"column":1}},"loc":{"start":{"line":174,"column":7},"end":{"line":176,"column":1}},"line":174},"27":{"name":"saveWatchRules","decl":{"start":{"line":178,"column":7},"end":{"line":183,"column":1}},"loc":{"start":{"line":178,"column":7},"end":{"line":183,"column":1}},"line":178},"28":{"name":"fetchTestProfiles","decl":{"start":{"line":185,"column":7},"end":{"line":187,"column":1}},"loc":{"start":{"line":185,"column":7},"end":{"line":187,"column":1}},"line":185},"29":{"name":"saveTestProfiles","decl":{"start":{"line":189,"column":7},"end":{"line":194,"column":1}},"loc":{"start":{"line":189,"column":7},"end":{"line":194,"column":1}},"line":189},"30":{"name":"fetchToolCommands","decl":{"start":{"line":196,"column":7},"end":{"line":198,"column":1}},"loc":{"start":{"line":196,"column":7},"end":{"line":198,"column":1}},"line":196},"31":{"name":"saveToolCommands","decl":{"start":{"line":200,"column":7},"end":{"line":205,"column":1}},"loc":{"start":{"line":200,"column":7},"end":{"line":205,"column":1}},"line":200},"32":{"name":"startToolCommand","decl":{"start":{"line":207,"column":7},"end":{"line":212,"column":1}},"loc":{"start":{"line":207,"column":7},"end":{"line":212,"column":1}},"line":207},"33":{"name":"stopToolCommand","decl":{"start":{"line":214,"column":7},"end":{"line":218,"column":1}},"loc":{"start":{"line":214,"column":7},"end":{"line":218,"column":1}},"line":214},"34":{"name":"fetchAppConfig","decl":{"start":{"line":220,"column":7},"end":{"line":222,"column":1}},"loc":{"start":{"line":220,"column":7},"end":{"line":222,"column":1}},"line":220},"35":{"name":"saveAppConfig","decl":{"start":{"line":224,"column":7},"end":{"line":244,"column":1}},"loc":{"start":{"line":224,"column":7},"end":{"line":244,"column":1}},"line":224},"36":{"name":"fetchNotificationConfig","decl":{"start":{"line":246,"column":7},"end":{"line":248,"column":1}},"loc":{"start":{"line":246,"column":7},"end":{"line":248,"column":1}},"line":246},"37":{"name":"saveNotificationConfig","decl":{"start":{"line":250,"column":7},"end":{"line":255,"column":1}},"loc":{"start":{"line":250,"column":7},"end":{"line":255,"column":1}},"line":250},"38":{"name":"fetchSkillSets","decl":{"start":{"line":257,"column":7},"end":{"line":259,"column":1}},"loc":{"start":{"line":257,"column":7},"end":{"line":259,"column":1}},"line":257},"39":{"name":"fetchSkillSet","decl":{"start":{"line":261,"column":7},"end":{"line":263,"column":1}},"loc":{"start":{"line":261,"column":7},"end":{"line":263,"column":1}},"line":261},"40":{"name":"createSkillSet","decl":{"start":{"line":265,"column":7},"end":{"line":270,"column":1}},"loc":{"start":{"line":265,"column":7},"end":{"line":270,"column":1}},"line":265},"41":{"name":"saveSkillSet","decl":{"start":{"line":272,"column":7},"end":{"line":277,"column":1}},"loc":{"start":{"line":272,"column":7},"end":{"line":277,"column":1}},"line":272},"42":{"name":"deleteSkillSet","decl":{"start":{"line":279,"column":7},"end":{"line":283,"column":1}},"loc":{"start":{"line":279,"column":7},"end":{"line":283,"column":1}},"line":279}},"f":{"0":7,"1":0,"2":0,"3":0,"4":0,"5":0,"6":1,"7":1,"8":1,"9":1,"10":1,"11":1,"12":0,"13":0,"14":1,"15":0,"16":0,"17":0,"18":0,"19":0,"20":0,"21":0,"22":0,"23":0,"24":0,"25":0,"26":0,"27":0,"28":0,"29":0,"30":0,"31":0,"32":0,"33":0,"34":0,"35":0,"36":0,"37":0,"38":0,"39":0,"40":0,"41":0,"42":0}}
,"C:\\data\\dev\\go\\src\\github.com\\coco-papiyon\\korobokcle\\tests\\base\\source\\coco-papiyon-korobokcle-issue_110\\frontend\\src\\lib\\format.ts": {"path":"C:\\data\\dev\\go\\src\\github.com\\coco-papiyon\\korobokcle\\tests\\base\\source\\coco-papiyon-korobokcle-issue_110\\frontend\\src\\lib\\format.ts","all":false,"statementMap":{"0":{"start":{"line":1,"column":0},"end":{"line":1,"column":143}},"2":{"start":{"line":3,"column":0},"end":{"line":3,"column":55}},"3":{"start":{"line":4,"column":0},"end":{"line":4,"column":43}},"4":{"start":{"line":5,"column":0},"end":{"line":5,"column":20}},"5":{"start":{"line":6,"column":0},"end":{"line":6,"column":21}},"6":{"start":{"line":7,"column":0},"end":{"line":7,"column":19}},"7":{"start":{"line":8,"column":0},"end":{"line":8,"column":20}},"8":{"start":{"line":9,"column":0},"end":{"line":9,"column":22}},"9":{"start":{"line":10,"column":0},"end":{"line":10,"column":22}},"10":{"start":{"line":11,"column":0},"end":{"line":11,"column":28}},"11":{"start":{"line":12,"column":0},"end":{"line":12,"column":1}},"13":{"start":{"line":14,"column":0},"end":{"line":14,"column":57}},"14":{"start":{"line":15,"column":0},"end":{"line":15,"column":22}},"15":{"start":{"line":16,"column":0},"end":{"line":16,"column":18}},"16":{"start":{"line":17,"column":0},"end":{"line":17,"column":19}},"17":{"start":{"line":18,"column":0},"end":{"line":18,"column":21}},"18":{"start":{"line":19,"column":0},"end":{"line":19,"column":19}},"19":{"start":{"line":20,"column":0},"end":{"line":20,"column":19}},"20":{"start":{"line":21,"column":0},"end":{"line":21,"column":20}},"21":{"start":{"line":22,"column":0},"end":{"line":22,"column":19}},"22":{"start":{"line":23,"column":0},"end":{"line":23,"column":16}},"23":{"start":{"line":24,"column":0},"end":{"line":24,"column":17}},"24":{"start":{"line":25,"column":0},"end":{"line":25,"column":19}},"25":{"start":{"line":26,"column":0},"end":{"line":26,"column":22}},"26":{"start":{"line":27,"column":0},"end":{"line":27,"column":38}},"27":{"start":{"line":28,"column":0},"end":{"line":28,"column":37}},"28":{"start":{"line":29,"column":0},"end":{"line":29,"column":25}},"29":{"start":{"line":30,"column":0},"end":{"line":30,"column":33}},"30":{"start":{"line":31,"column":0},"end":{"line":31,"column":27}},"31":{"start":{"line":32,"column":0},"end":{"line":32,"column":26}},"32":{"start":{"line":33,"column":0},"end":{"line":33,"column":26}},"33":{"start":{"line":34,"column":0},"end":{"line":34,"column":26}},"34":{"start":{"line":35,"column":0},"end":{"line":35,"column":31}},"35":{"start":{"line":36,"column":0},"end":{"line":36,"column":12}},"37":{"start":{"line":38,"column":0},"end":{"line":38,"column":28}},"38":{"start":{"line":39,"column":0},"end":{"line":39,"column":55}},"39":{"start":{"line":40,"column":0},"end":{"line":40,"column":3}},"40":{"start":{"line":41,"column":0},"end":{"line":41,"column":38}},"41":{"start":{"line":42,"column":0},"end":{"line":42,"column":54}},"42":{"start":{"line":43,"column":0},"end":{"line":43,"column":3}},"43":{"start":{"line":44,"column":0},"end":{"line":44,"column":35}},"44":{"start":{"line":45,"column":0},"end":{"line":45,"column":48}},"45":{"start":{"line":46,"column":0},"end":{"line":46,"column":3}},"46":{"start":{"line":47,"column":0},"end":{"line":47,"column":35}},"47":{"start":{"line":48,"column":0},"end":{"line":48,"column":1}},"49":{"start":{"line":50,"column":0},"end":{"line":50,"column":59}},"50":{"start":{"line":51,"column":0},"end":{"line":51,"column":61}},"51":{"start":{"line":52,"column":0},"end":{"line":52,"column":1}},"53":{"start":{"line":54,"column":0},"end":{"line":54,"column":61}},"54":{"start":{"line":55,"column":0},"end":{"line":55,"column":63}},"55":{"start":{"line":56,"column":0},"end":{"line":56,"column":1}},"57":{"start":{"line":58,"column":0},"end":{"line":58,"column":71}},"58":{"start":{"line":59,"column":0},"end":{"line":59,"column":74}},"59":{"start":{"line":60,"column":0},"end":{"line":60,"column":1}},"61":{"start":{"line":62,"column":0},"end":{"line":62,"column":45}},"81":{"start":{"line":82,"column":0},"end":{"line":82,"column":59}},"82":{"start":{"line":83,"column":0},"end":{"line":83,"column":30}},"83":{"start":{"line":84,"column":0},"end":{"line":84,"column":28}},"84":{"start":{"line":85,"column":0},"end":{"line":85,"column":3}},"85":{"start":{"line":86,"column":0},"end":{"line":86,"column":7}},"86":{"start":{"line":87,"column":0},"end":{"line":87,"column":66}},"87":{"start":{"line":88,"column":0},"end":{"line":88,"column":11}},"88":{"start":{"line":89,"column":0},"end":{"line":89,"column":42}},"89":{"start":{"line":90,"column":0},"end":{"line":90,"column":3}},"90":{"start":{"line":91,"column":0},"end":{"line":91,"column":1}},"92":{"start":{"line":93,"column":0},"end":{"line":93,"column":54}},"93":{"start":{"line":94,"column":0},"end":{"line":94,"column":56}},"94":{"start":{"line":95,"column":0},"end":{"line":95,"column":26}},"95":{"start":{"line":96,"column":0},"end":{"line":96,"column":28}},"96":{"start":{"line":97,"column":0},"end":{"line":97,"column":3}},"97":{"start":{"line":98,"column":0},"end":{"line":98,"column":19}},"98":{"start":{"line":99,"column":0},"end":{"line":99,"column":1}},"100":{"start":{"line":101,"column":0},"end":{"line":101,"column":72}},"101":{"start":{"line":102,"column":0},"end":{"line":102,"column":36}},"102":{"start":{"line":103,"column":0},"end":{"line":103,"column":18}},"103":{"start":{"line":104,"column":0},"end":{"line":104,"column":3}},"104":{"start":{"line":105,"column":0},"end":{"line":105,"column":69}},"105":{"start":{"line":106,"column":0},"end":{"line":106,"column":1}},"107":{"start":{"line":108,"column":0},"end":{"line":108,"column":88}},"108":{"start":{"line":109,"column":0},"end":{"line":109,"column":42}},"110":{"start":{"line":111,"column":0},"end":{"line":111,"column":32}},"111":{"start":{"line":112,"column":0},"end":{"line":112,"column":12}},"112":{"start":{"line":113,"column":0},"end":{"line":113,"column":33}},"113":{"start":{"line":114,"column":0},"end":{"line":114,"column":33}},"114":{"start":{"line":115,"column":0},"end":{"line":115,"column":5}},"115":{"start":{"line":116,"column":0},"end":{"line":116,"column":3}},"117":{"start":{"line":118,"column":0},"end":{"line":118,"column":31}},"118":{"start":{"line":119,"column":0},"end":{"line":119,"column":69}},"119":{"start":{"line":120,"column":0},"end":{"line":120,"column":78}},"120":{"start":{"line":121,"column":0},"end":{"line":121,"column":12}},"121":{"start":{"line":122,"column":0},"end":{"line":122,"column":55}},"122":{"start":{"line":123,"column":0},"end":{"line":123,"column":14}},"123":{"start":{"line":124,"column":0},"end":{"line":124,"column":5}},"124":{"start":{"line":125,"column":0},"end":{"line":125,"column":3}},"126":{"start":{"line":127,"column":0},"end":{"line":127,"column":50}},"127":{"start":{"line":128,"column":0},"end":{"line":128,"column":10}},"128":{"start":{"line":129,"column":0},"end":{"line":129,"column":53}},"129":{"start":{"line":130,"column":0},"end":{"line":130,"column":26}},"130":{"start":{"line":131,"column":0},"end":{"line":131,"column":3}},"131":{"start":{"line":132,"column":0},"end":{"line":132,"column":1}},"133":{"start":{"line":134,"column":0},"end":{"line":134,"column":80}},"134":{"start":{"line":135,"column":0},"end":{"line":135,"column":57}},"135":{"start":{"line":136,"column":0},"end":{"line":136,"column":1}},"137":{"start":{"line":138,"column":0},"end":{"line":138,"column":63}},"138":{"start":{"line":139,"column":0},"end":{"line":139,"column":46}},"139":{"start":{"line":140,"column":0},"end":{"line":140,"column":1}},"141":{"start":{"line":142,"column":0},"end":{"line":142,"column":57}},"142":{"start":{"line":143,"column":0},"end":{"line":143,"column":76}},"143":{"start":{"line":144,"column":0},"end":{"line":144,"column":1}},"145":{"start":{"line":146,"column":0},"end":{"line":146,"column":53}},"146":{"start":{"line":147,"column":0},"end":{"line":147,"column":30}},"147":{"start":{"line":148,"column":0},"end":{"line":148,"column":17}},"148":{"start":{"line":149,"column":0},"end":{"line":149,"column":3}},"149":{"start":{"line":150,"column":0},"end":{"line":150,"column":30}},"150":{"start":{"line":151,"column":0},"end":{"line":151,"column":18}},"151":{"start":{"line":152,"column":0},"end":{"line":152,"column":3}},"152":{"start":{"line":153,"column":0},"end":{"line":153,"column":32}},"153":{"start":{"line":154,"column":0},"end":{"line":154,"column":21}},"154":{"start":{"line":155,"column":0},"end":{"line":155,"column":3}},"155":{"start":{"line":156,"column":0},"end":{"line":156,"column":36}},"156":{"start":{"line":157,"column":0},"end":{"line":157,"column":25}},"157":{"start":{"line":158,"column":0},"end":{"line":158,"column":3}},"158":{"start":{"line":159,"column":0},"end":{"line":159,"column":38}},"159":{"start":{"line":160,"column":0},"end":{"line":160,"column":27}},"160":{"start":{"line":161,"column":0},"end":{"line":161,"column":3}},"161":{"start":{"line":162,"column":0},"end":{"line":162,"column":37}},"162":{"start":{"line":163,"column":0},"end":{"line":163,"column":26}},"163":{"start":{"line":164,"column":0},"end":{"line":164,"column":3}},"164":{"start":{"line":165,"column":0},"end":{"line":165,"column":13}},"165":{"start":{"line":166,"column":0},"end":{"line":166,"column":1}}},"s":{"0":1,"2":1,"3":26,"4":26,"5":26,"6":26,"7":26,"8":26,"9":26,"10":26,"11":26,"13":1,"14":13,"15":13,"16":13,"17":13,"18":13,"19":13,"20":13,"21":13,"22":13,"23":13,"24":13,"25":13,"26":13,"27":13,"28":13,"29":13,"30":13,"31":13,"32":13,"33":13,"34":13,"35":13,"37":13,"38":13,"39":13,"40":0,"41":0,"42":0,"43":0,"44":0,"45":0,"46":0,"47":0,"49":1,"50":8,"51":8,"53":1,"54":8,"55":8,"57":1,"58":0,"59":0,"61":1,"81":8,"82":8,"83":0,"84":0,"85":8,"86":8,"87":8,"88":0,"89":0,"90":8,"92":0,"93":0,"94":0,"95":0,"96":0,"97":0,"98":0,"100":8,"101":8,"102":8,"103":8,"104":0,"105":0,"107":1,"108":8,"110":8,"111":0,"112":0,"113":0,"114":0,"115":0,"117":8,"118":8,"119":8,"120":8,"121":8,"122":8,"123":8,"124":8,"126":0,"127":0,"128":0,"129":0,"130":0,"131":0,"133":1,"134":0,"135":0,"137":1,"138":0,"139":0,"141":1,"142":6,"143":6,"145":1,"146":0,"147":0,"148":0,"149":0,"150":0,"151":0,"152":0,"153":0,"154":0,"155":0,"156":0,"157":0,"158":0,"159":0,"160":0,"161":0,"162":0,"163":0,"164":0,"165":0},"branchMap":{"0":{"type":"branch","line":3,"loc":{"start":{"line":3,"column":7},"end":{"line":12,"column":1}},"locations":[{"start":{"line":3,"column":7},"end":{"line":12,"column":1}}]},"1":{"type":"branch","line":14,"loc":{"start":{"line":14,"column":7},"end":{"line":48,"column":1}},"locations":[{"start":{"line":14,"column":7},"end":{"line":48,"column":1}}]},"2":{"type":"branch","line":40,"loc":{"start":{"line":40,"column":2},"end":{"line":48,"column":1}},"locations":[{"start":{"line":40,"column":2},"end":{"line":48,"column":1}}]},"3":{"type":"branch","line":50,"loc":{"start":{"line":50,"column":7},"end":{"line":52,"column":1}},"locations":[{"start":{"line":50,"column":7},"end":{"line":52,"column":1}}]},"4":{"type":"branch","line":51,"loc":{"start":{"line":51,"column":30},"end":{"line":51,"column":61}},"locations":[{"start":{"line":51,"column":30},"end":{"line":51,"column":61}}]},"5":{"type":"branch","line":54,"loc":{"start":{"line":54,"column":7},"end":{"line":56,"column":1}},"locations":[{"start":{"line":54,"column":7},"end":{"line":56,"column":1}}]},"6":{"type":"branch","line":55,"loc":{"start":{"line":55,"column":32},"end":{"line":55,"column":63}},"locations":[{"start":{"line":55,"column":32},"end":{"line":55,"column":63}}]},"7":{"type":"branch","line":82,"loc":{"start":{"line":82,"column":0},"end":{"line":91,"column":1}},"locations":[{"start":{"line":82,"column":0},"end":{"line":91,"column":1}}]},"8":{"type":"branch","line":83,"loc":{"start":{"line":83,"column":29},"end":{"line":85,"column":3}},"locations":[{"start":{"line":83,"column":29},"end":{"line":85,"column":3}}]},"9":{"type":"branch","line":88,"loc":{"start":{"line":88,"column":2},"end":{"line":90,"column":3}},"locations":[{"start":{"line":88,"column":2},"end":{"line":90,"column":3}}]},"10":{"type":"branch","line":101,"loc":{"start":{"line":101,"column":0},"end":{"line":106,"column":1}},"locations":[{"start":{"line":101,"column":0},"end":{"line":106,"column":1}}]},"11":{"type":"branch","line":104,"loc":{"start":{"line":104,"column":2},"end":{"line":106,"column":1}},"locations":[{"start":{"line":104,"column":2},"end":{"line":106,"column":1}}]},"12":{"type":"branch","line":108,"loc":{"start":{"line":108,"column":7},"end":{"line":132,"column":1}},"locations":[{"start":{"line":108,"column":7},"end":{"line":132,"column":1}}]},"13":{"type":"branch","line":111,"loc":{"start":{"line":111,"column":31},"end":{"line":116,"column":3}},"locations":[{"start":{"line":111,"column":31},"end":{"line":116,"column":3}}]},"14":{"type":"branch","line":119,"loc":{"start":{"line":119,"column":47},"end":{"line":119,"column":69}},"locations":[{"start":{"line":119,"column":47},"end":{"line":119,"column":69}}]},"15":{"type":"branch","line":120,"loc":{"start":{"line":120,"column":56},"end":{"line":120,"column":78}},"locations":[{"start":{"line":120,"column":56},"end":{"line":120,"column":78}}]},"16":{"type":"branch","line":125,"loc":{"start":{"line":125,"column":2},"end":{"line":132,"column":1}},"locations":[{"start":{"line":125,"column":2},"end":{"line":132,"column":1}}]},"17":{"type":"branch","line":142,"loc":{"start":{"line":142,"column":7},"end":{"line":144,"column":1}},"locations":[{"start":{"line":142,"column":7},"end":{"line":144,"column":1}}]},"18":{"type":"branch","line":143,"loc":{"start":{"line":143,"column":9},"end":{"line":143,"column":44}},"locations":[{"start":{"line":143,"column":9},"end":{"line":143,"column":44}}]},"19":{"type":"branch","line":143,"loc":{"start":{"line":143,"column":40},"end":{"line":143,"column":52}},"locations":[{"start":{"line":143,"column":40},"end":{"line":143,"column":52}}]},"20":{"type":"branch","line":143,"loc":{"start":{"line":143,"column":44},"end":{"line":143,"column":76}},"locations":[{"start":{"line":143,"column":44},"end":{"line":143,"column":76}}]}},"b":{"0":[26],"1":[13],"2":[0],"3":[8],"4":[0],"5":[8],"6":[0],"7":[8],"8":[0],"9":[0],"10":[8],"11":[0],"12":[8],"13":[0],"14":[0],"15":[0],"16":[0],"17":[6],"18":[4],"19":[3],"20":[3]},"fnMap":{"0":{"name":"formatDateTime","decl":{"start":{"line":3,"column":7},"end":{"line":12,"column":1}},"loc":{"start":{"line":3,"column":7},"end":{"line":12,"column":1}},"line":3},"1":{"name":"formatStateLabel","decl":{"start":{"line":14,"column":7},"end":{"line":48,"column":1}},"loc":{"start":{"line":14,"column":7},"end":{"line":48,"column":1}},"line":14},"2":{"name":"formatJobTypeLabel","decl":{"start":{"line":50,"column":7},"end":{"line":52,"column":1}},"loc":{"start":{"line":50,"column":7},"end":{"line":52,"column":1}},"line":50},"3":{"name":"formatEventTypeLabel","decl":{"start":{"line":54,"column":7},"end":{"line":56,"column":1}},"loc":{"start":{"line":54,"column":7},"end":{"line":56,"column":1}},"line":54},"4":{"name":"formatToolExecutionStatusLabel","decl":{"start":{"line":58,"column":7},"end":{"line":60,"column":1}},"loc":{"start":{"line":58,"column":7},"end":{"line":60,"column":1}},"line":58},"5":{"name":"parseJsonPayload","decl":{"start":{"line":82,"column":0},"end":{"line":91,"column":1}},"loc":{"start":{"line":82,"column":0},"end":{"line":91,"column":1}},"line":82},"6":{"name":"compactPayloadText","decl":{"start":{"line":93,"column":0},"end":{"line":99,"column":1}},"loc":{"start":{"line":93,"column":0},"end":{"line":99,"column":1}},"line":93},"7":{"name":"truncatePayloadText","decl":{"start":{"line":101,"column":0},"end":{"line":106,"column":1}},"loc":{"start":{"line":101,"column":0},"end":{"line":106,"column":1}},"line":101},"8":{"name":"formatPayloadDisplay","decl":{"start":{"line":108,"column":7},"end":{"line":132,"column":1}},"loc":{"start":{"line":108,"column":7},"end":{"line":132,"column":1}},"line":108},"9":{"name":"formatPayloadPreview","decl":{"start":{"line":134,"column":7},"end":{"line":136,"column":1}},"loc":{"start":{"line":134,"column":7},"end":{"line":136,"column":1}},"line":134},"10":{"name":"formatPayloadContent","decl":{"start":{"line":138,"column":7},"end":{"line":140,"column":1}},"loc":{"start":{"line":138,"column":7},"end":{"line":140,"column":1}},"line":138},"11":{"name":"formatIssueBody","decl":{"start":{"line":142,"column":7},"end":{"line":144,"column":1}},"loc":{"start":{"line":142,"column":7},"end":{"line":144,"column":1}},"line":142},"12":{"name":"formatLogName","decl":{"start":{"line":146,"column":7},"end":{"line":166,"column":1}},"loc":{"start":{"line":146,"column":7},"end":{"line":166,"column":1}},"line":146}},"f":{"0":26,"1":13,"2":8,"3":8,"4":0,"5":8,"6":0,"7":8,"8":8,"9":0,"10":0,"11":6,"12":0}}
,"C:\\data\\dev\\go\\src\\github.com\\coco-papiyon\\korobokcle\\tests\\base\\source\\coco-papiyon-korobokcle-issue_110\\frontend\\src\\lib\\markdown.ts": {"path":"C:\\data\\dev\\go\\src\\github.com\\coco-papiyon\\korobokcle\\tests\\base\\source\\coco-papiyon-korobokcle-issue_110\\frontend\\src\\lib\\markdown.ts","all":false,"statementMap":{"4":{"start":{"line":5,"column":0},"end":{"line":5,"column":44}},"5":{"start":{"line":6,"column":0},"end":{"line":6,"column":14}},"6":{"start":{"line":7,"column":0},"end":{"line":7,"column":29}},"7":{"start":{"line":8,"column":0},"end":{"line":8,"column":28}},"8":{"start":{"line":9,"column":0},"end":{"line":9,"column":28}},"9":{"start":{"line":10,"column":0},"end":{"line":10,"column":30}},"10":{"start":{"line":11,"column":0},"end":{"line":11,"column":29}},"11":{"start":{"line":12,"column":0},"end":{"line":12,"column":1}},"13":{"start":{"line":14,"column":0},"end":{"line":14,"column":41}},"14":{"start":{"line":15,"column":0},"end":{"line":15,"column":26}},"15":{"start":{"line":16,"column":0},"end":{"line":16,"column":18}},"16":{"start":{"line":17,"column":0},"end":{"line":17,"column":22}},"17":{"start":{"line":18,"column":0},"end":{"line":18,"column":47}},"18":{"start":{"line":19,"column":0},"end":{"line":19,"column":28}},"19":{"start":{"line":20,"column":0},"end":{"line":20,"column":32}},"20":{"start":{"line":21,"column":0},"end":{"line":21,"column":1}},"22":{"start":{"line":23,"column":0},"end":{"line":23,"column":53}},"23":{"start":{"line":24,"column":0},"end":{"line":24,"column":27}},"24":{"start":{"line":25,"column":0},"end":{"line":25,"column":6}},"25":{"start":{"line":26,"column":0},"end":{"line":26,"column":33}},"26":{"start":{"line":27,"column":0},"end":{"line":27,"column":34}},"27":{"start":{"line":28,"column":0},"end":{"line":28,"column":33}},"28":{"start":{"line":29,"column":0},"end":{"line":29,"column":30}},"29":{"start":{"line":30,"column":0},"end":{"line":30,"column":27}},"30":{"start":{"line":31,"column":0},"end":{"line":31,"column":55}},"31":{"start":{"line":32,"column":0},"end":{"line":32,"column":27}},"32":{"start":{"line":33,"column":0},"end":{"line":33,"column":28}},"33":{"start":{"line":34,"column":0},"end":{"line":34,"column":26}},"34":{"start":{"line":35,"column":0},"end":{"line":35,"column":5}},"35":{"start":{"line":36,"column":0},"end":{"line":36,"column":15}},"36":{"start":{"line":37,"column":0},"end":{"line":37,"column":3}},"37":{"start":{"line":38,"column":0},"end":{"line":38,"column":13}},"38":{"start":{"line":39,"column":0},"end":{"line":39,"column":1}},"40":{"start":{"line":41,"column":0},"end":{"line":41,"column":54}},"41":{"start":{"line":42,"column":0},"end":{"line":42,"column":17}},"42":{"start":{"line":43,"column":0},"end":{"line":43,"column":15}},"44":{"start":{"line":45,"column":0},"end":{"line":45,"column":32}},"45":{"start":{"line":46,"column":0},"end":{"line":46,"column":32}},"47":{"start":{"line":48,"column":0},"end":{"line":48,"column":26}},"48":{"start":{"line":49,"column":0},"end":{"line":49,"column":51}},"49":{"start":{"line":50,"column":0},"end":{"line":50,"column":27}},"50":{"start":{"line":51,"column":0},"end":{"line":51,"column":79}},"51":{"start":{"line":52,"column":0},"end":{"line":52,"column":27}},"52":{"start":{"line":53,"column":0},"end":{"line":53,"column":16}},"53":{"start":{"line":54,"column":0},"end":{"line":54,"column":7}},"54":{"start":{"line":55,"column":0},"end":{"line":55,"column":5}},"56":{"start":{"line":57,"column":0},"end":{"line":57,"column":26}},"57":{"start":{"line":58,"column":0},"end":{"line":58,"column":56}},"58":{"start":{"line":59,"column":0},"end":{"line":59,"column":76}},"59":{"start":{"line":60,"column":0},"end":{"line":60,"column":55}},"60":{"start":{"line":61,"column":0},"end":{"line":61,"column":42}},"61":{"start":{"line":62,"column":0},"end":{"line":62,"column":21}},"62":{"start":{"line":63,"column":0},"end":{"line":63,"column":44}},"63":{"start":{"line":64,"column":0},"end":{"line":64,"column":41}},"64":{"start":{"line":65,"column":0},"end":{"line":65,"column":29}},"65":{"start":{"line":66,"column":0},"end":{"line":66,"column":22}},"66":{"start":{"line":67,"column":0},"end":{"line":67,"column":36}},"67":{"start":{"line":68,"column":0},"end":{"line":68,"column":22}},"68":{"start":{"line":69,"column":0},"end":{"line":69,"column":30}},"69":{"start":{"line":70,"column":0},"end":{"line":70,"column":19}},"70":{"start":{"line":71,"column":0},"end":{"line":71,"column":13}},"71":{"start":{"line":72,"column":0},"end":{"line":72,"column":11}},"72":{"start":{"line":73,"column":0},"end":{"line":73,"column":26}},"73":{"start":{"line":74,"column":0},"end":{"line":74,"column":9}},"75":{"start":{"line":76,"column":0},"end":{"line":76,"column":26}},"76":{"start":{"line":77,"column":0},"end":{"line":77,"column":60}},"77":{"start":{"line":78,"column":0},"end":{"line":78,"column":65}},"78":{"start":{"line":79,"column":0},"end":{"line":79,"column":45}},"79":{"start":{"line":80,"column":0},"end":{"line":80,"column":25}},"80":{"start":{"line":81,"column":0},"end":{"line":81,"column":92}},"81":{"start":{"line":82,"column":0},"end":{"line":82,"column":18}},"82":{"start":{"line":83,"column":0},"end":{"line":83,"column":49}},"83":{"start":{"line":84,"column":0},"end":{"line":84,"column":11}},"84":{"start":{"line":85,"column":0},"end":{"line":85,"column":33}},"85":{"start":{"line":86,"column":0},"end":{"line":86,"column":18}},"86":{"start":{"line":87,"column":0},"end":{"line":87,"column":9}},"87":{"start":{"line":88,"column":0},"end":{"line":88,"column":7}},"88":{"start":{"line":89,"column":0},"end":{"line":89,"column":5}},"90":{"start":{"line":91,"column":0},"end":{"line":91,"column":33}},"91":{"start":{"line":92,"column":0},"end":{"line":92,"column":14}},"92":{"start":{"line":93,"column":0},"end":{"line":93,"column":3}},"94":{"start":{"line":95,"column":0},"end":{"line":95,"column":15}},"95":{"start":{"line":96,"column":0},"end":{"line":96,"column":1}},"97":{"start":{"line":98,"column":0},"end":{"line":98,"column":63}},"98":{"start":{"line":99,"column":0},"end":{"line":99,"column":40}},"99":{"start":{"line":100,"column":0},"end":{"line":100,"column":1}},"101":{"start":{"line":102,"column":0},"end":{"line":102,"column":61}},"102":{"start":{"line":103,"column":0},"end":{"line":103,"column":40}},"103":{"start":{"line":104,"column":0},"end":{"line":104,"column":1}},"105":{"start":{"line":106,"column":0},"end":{"line":106,"column":62}},"106":{"start":{"line":107,"column":0},"end":{"line":107,"column":40}},"107":{"start":{"line":108,"column":0},"end":{"line":108,"column":1}},"109":{"start":{"line":110,"column":0},"end":{"line":110,"column":63}},"110":{"start":{"line":111,"column":0},"end":{"line":111,"column":42}},"111":{"start":{"line":112,"column":0},"end":{"line":112,"column":1}},"113":{"start":{"line":114,"column":0},"end":{"line":114,"column":54}},"114":{"start":{"line":115,"column":0},"end":{"line":115,"column":29}},"115":{"start":{"line":116,"column":0},"end":{"line":116,"column":31}},"116":{"start":{"line":117,"column":0},"end":{"line":117,"column":16}},"117":{"start":{"line":118,"column":0},"end":{"line":118,"column":3}},"118":{"start":{"line":119,"column":0},"end":{"line":119,"column":38}},"119":{"start":{"line":120,"column":0},"end":{"line":120,"column":83}},"120":{"start":{"line":121,"column":0},"end":{"line":121,"column":1}},"122":{"start":{"line":123,"column":0},"end":{"line":123,"column":48}},"123":{"start":{"line":124,"column":0},"end":{"line":124,"column":67}},"124":{"start":{"line":125,"column":0},"end":{"line":125,"column":28}},"125":{"start":{"line":126,"column":0},"end":{"line":126,"column":18}},"126":{"start":{"line":127,"column":0},"end":{"line":127,"column":15}},"127":{"start":{"line":128,"column":0},"end":{"line":128,"column":24}},"128":{"start":{"line":129,"column":0},"end":{"line":129,"column":24}},"130":{"start":{"line":131,"column":0},"end":{"line":131,"column":34}},"131":{"start":{"line":132,"column":0},"end":{"line":132,"column":31}},"133":{"start":{"line":134,"column":0},"end":{"line":134,"column":54}},"134":{"start":{"line":135,"column":0},"end":{"line":135,"column":20}},"135":{"start":{"line":136,"column":0},"end":{"line":136,"column":16}},"136":{"start":{"line":137,"column":0},"end":{"line":137,"column":14}},"137":{"start":{"line":138,"column":0},"end":{"line":138,"column":5}},"139":{"start":{"line":140,"column":0},"end":{"line":140,"column":23}},"140":{"start":{"line":141,"column":0},"end":{"line":141,"column":23}},"141":{"start":{"line":142,"column":0},"end":{"line":142,"column":88}},"142":{"start":{"line":143,"column":0},"end":{"line":143,"column":22}},"143":{"start":{"line":144,"column":0},"end":{"line":144,"column":7}},"144":{"start":{"line":145,"column":0},"end":{"line":145,"column":38}},"145":{"start":{"line":146,"column":0},"end":{"line":146,"column":23}},"146":{"start":{"line":147,"column":0},"end":{"line":147,"column":43}},"147":{"start":{"line":148,"column":0},"end":{"line":148,"column":28}},"148":{"start":{"line":149,"column":0},"end":{"line":149,"column":28}},"149":{"start":{"line":150,"column":0},"end":{"line":150,"column":9}},"150":{"start":{"line":151,"column":0},"end":{"line":151,"column":14}},"151":{"start":{"li
[...]
":{"line":68,"column":0},"end":{"line":68,"column":3}},"69":{"start":{"line":70,"column":0},"end":{"line":70,"column":16}},"70":{"start":{"line":71,"column":0},"end":{"line":71,"column":32}},"71":{"start":{"line":72,"column":0},"end":{"line":72,"column":40}},"72":{"start":{"line":73,"column":0},"end":{"line":73,"column":27}},"73":{"start":{"line":74,"column":0},"end":{"line":74,"column":27}},"74":{"start":{"line":75,"column":0},"end":{"line":75,"column":28}},"75":{"start":{"line":76,"column":0},"end":{"line":76,"column":1}},"77":{"start":{"line":78,"column":0},"end":{"line":78,"column":72}},"78":{"start":{"line":79,"column":0},"end":{"line":79,"column":15}},"79":{"start":{"line":80,"column":0},"end":{"line":80,"column":22}},"80":{"start":{"line":81,"column":0},"end":{"line":81,"column":42}},"81":{"start":{"line":82,"column":0},"end":{"line":82,"column":34}},"82":{"start":{"line":83,"column":0},"end":{"line":83,"column":36}},"83":{"start":{"line":84,"column":0},"end":{"line":84,"column":77}},"84":{"start":{"line":85,"column":0},"end":{"line":85,"column":61}},"85":{"start":{"line":86,"column":0},"end":{"line":86,"column":60}},"86":{"start":{"line":87,"column":0},"end":{"line":87,"column":56}},"87":{"start":{"line":88,"column":0},"end":{"line":88,"column":50}},"88":{"start":{"line":89,"column":0},"end":{"line":89,"column":7}},"89":{"start":{"line":90,"column":0},"end":{"line":90,"column":51}},"90":{"start":{"line":91,"column":0},"end":{"line":91,"column":22}},"91":{"start":{"line":92,"column":0},"end":{"line":92,"column":35}},"92":{"start":{"line":93,"column":0},"end":{"line":93,"column":27}},"93":{"start":{"line":94,"column":0},"end":{"line":94,"column":29}},"94":{"start":{"line":95,"column":0},"end":{"line":95,"column":28}},"95":{"start":{"line":96,"column":0},"end":{"line":96,"column":124}},"96":{"start":{"line":97,"column":0},"end":{"line":97,"column":113}},"97":{"start":{"line":98,"column":0},"end":{"line":98,"column":51}},"98":{"start":{"line":99,"column":0},"end":{"line":99,"column":49}},"99":{"start":{"line":100,"column":0},"end":{"line":100,"column":43}},"100":{"start":{"line":101,"column":0},"end":{"line":101,"column":7}},"101":{"start":{"line":102,"column":0},"end":{"line":102,"column":121}},"102":{"start":{"line":103,"column":0},"end":{"line":103,"column":1}},"104":{"start":{"line":105,"column":0},"end":{"line":105,"column":32}},"105":{"start":{"line":106,"column":0},"end":{"line":106,"column":28}},"106":{"start":{"line":107,"column":0},"end":{"line":107,"column":24}},"107":{"start":{"line":108,"column":0},"end":{"line":108,"column":7}},"108":{"start":{"line":109,"column":0},"end":{"line":109,"column":39}},"109":{"start":{"line":110,"column":0},"end":{"line":110,"column":89}},"110":{"start":{"line":111,"column":0},"end":{"line":111,"column":6}},"111":{"start":{"line":112,"column":0},"end":{"line":112,"column":87}},"112":{"start":{"line":113,"column":0},"end":{"line":113,"column":41}},"113":{"start":{"line":114,"column":0},"end":{"line":114,"column":33}},"114":{"start":{"line":115,"column":0},"end":{"line":115,"column":35}},"115":{"start":{"line":116,"column":0},"end":{"line":116,"column":83}},"116":{"start":{"line":117,"column":0},"end":{"line":117,"column":67}},"117":{"start":{"line":118,"column":0},"end":{"line":118,"column":60}},"118":{"start":{"line":119,"column":0},"end":{"line":119,"column":55}},"119":{"start":{"line":120,"column":0},"end":{"line":120,"column":49}},"120":{"start":{"line":121,"column":0},"end":{"line":121,"column":41}},"121":{"start":{"line":122,"column":0},"end":{"line":122,"column":7}},"122":{"start":{"line":123,"column":0},"end":{"line":123,"column":29}},"123":{"start":{"line":124,"column":0},"end":{"line":124,"column":18}},"124":{"start":{"line":125,"column":0},"end":{"line":125,"column":17}},"125":{"start":{"line":126,"column":0},"end":{"line":126,"column":29}},"126":{"start":{"line":127,"column":0},"end":{"line":127,"column":80}},"127":{"start":{"line":128,"column":0},"end":{"line":128,"column":3}},"128":{"start":{"line":129,"column":0},"end":{"line":129,"column":1}},"132":{"start":{"line":133,"column":0},"end":{"line":133,"column":11}},"133":{"start":{"line":134,"column":0},"end":{"line":134,"column":19}},"134":{"start":{"line":135,"column":0},"end":{"line":135,"column":57}},"136":{"start":{"line":137,"column":0},"end":{"line":137,"column":55}},"137":{"start":{"line":138,"column":0},"end":{"line":138,"column":38}},"138":{"start":{"line":139,"column":0},"end":{"line":139,"column":41}},"139":{"start":{"line":140,"column":0},"end":{"line":140,"column":15}},"140":{"start":{"line":141,"column":0},"end":{"line":141,"column":28}},"141":{"start":{"line":142,"column":0},"end":{"line":142,"column":84}},"142":{"start":{"line":143,"column":0},"end":{"line":143,"column":16}},"143":{"start":{"line":144,"column":0},"end":{"line":144,"column":120}},"144":{"start":{"line":145,"column":0},"end":{"line":145,"column":66}},"145":{"start":{"line":146,"column":0},"end":{"line":146,"column":19}},"146":{"start":{"line":147,"column":0},"end":{"line":147,"column":14}},"148":{"start":{"line":149,"column":0},"end":{"line":149,"column":27}},"149":{"start":{"line":150,"column":0},"end":{"line":150,"column":43}},"150":{"start":{"line":151,"column":0},"end":{"line":151,"column":55}},"151":{"start":{"line":152,"column":0},"end":{"line":152,"column":115}},"152":{"start":{"line":153,"column":0},"end":{"line":153,"column":16}},"153":{"start":{"line":154,"column":0},"end":{"line":154,"column":32}},"154":{"start":{"line":155,"column":0},"end":{"line":155,"column":121}},"155":{"start":{"line":156,"column":0},"end":{"line":156,"column":46}},"156":{"start":{"line":157,"column":0},"end":{"line":157,"column":55}},"157":{"start":{"line":158,"column":0},"end":{"line":158,"column":118}},"158":{"start":{"line":159,"column":0},"end":{"line":159,"column":22}},"159":{"start":{"line":160,"column":0},"end":{"line":160,"column":46}},"160":{"start":{"line":161,"column":0},"end":{"line":161,"column":54}},"161":{"start":{"line":162,"column":0},"end":{"line":162,"column":102}},"162":{"start":{"line":163,"column":0},"end":{"line":163,"column":22}},"163":{"start":{"line":164,"column":0},"end":{"line":164,"column":46}},"164":{"start":{"line":165,"column":0},"end":{"line":165,"column":58}},"165":{"start":{"line":166,"column":0},"end":{"line":166,"column":22}},"166":{"start":{"line":167,"column":0},"end":{"line":167,"column":41}},"167":{"start":{"line":168,"column":0},"end":{"line":168,"column":40}},"168":{"start":{"line":169,"column":0},"end":{"line":169,"column":29}},"169":{"start":{"line":170,"column":0},"end":{"line":170,"column":89}},"170":{"start":{"line":171,"column":0},"end":{"line":171,"column":18}},"171":{"start":{"line":172,"column":0},"end":{"line":172,"column":22}},"172":{"start":{"line":173,"column":0},"end":{"line":173,"column":35}},"173":{"start":{"line":174,"column":0},"end":{"line":174,"column":61}},"174":{"start":{"line":175,"column":0},"end":{"line":175,"column":124}},"175":{"start":{"line":176,"column":0},"end":{"line":176,"column":22}},"176":{"start":{"line":177,"column":0},"end":{"line":177,"column":35}},"177":{"start":{"line":178,"column":0},"end":{"line":178,"column":57}},"178":{"start":{"line":179,"column":0},"end":{"line":179,"column":116}},"179":{"start":{"line":180,"column":0},"end":{"line":180,"column":22}},"180":{"start":{"line":181,"column":0},"end":{"line":181,"column":46}},"181":{"start":{"line":182,"column":0},"end":{"line":182,"column":54}},"182":{"start":{"line":183,"column":0},"end":{"line":183,"column":40}},"183":{"start":{"line":184,"column":0},"end":{"line":184,"column":78}},"184":{"start":{"line":185,"column":0},"end":{"line":185,"column":49}},"185":{"start":{"line":186,"column":0},"end":{"line":186,"column":24}},"186":{"start":{"line":187,"column":0},"end":{"line":187,"column":22}},"187":{"start":{"line":188,"column":0},"end":{"line":188,"column":46}},"188":{"start":{"line":189,"column":0},"end":{"line":189,"column":57}},"189":{"start":{"line":190,"column":0},"end":{"line":190,"column":120}},"190":{"start":{"line":191,"column":0},"end":{"line":191,"column":22}},"191":{"start":{"line":192,"column":0},"end":{"line":192,"column":46}},"192":{"start":{"line":193,"column":0},"end":{"line":193,"column":60}},"193":{"start":{"line":194,"column":0},"end":{"line":194,"column":118}},"194":{"start":{"line":195,"column":0},"end":{"line":195,"column":22}},"195":{"start":{"line":196,"column":0},"end":{"line":196,"column":121}},"196":{"start":{"line":197,"column":0},"end":{"line":197,"column":18}},"197":{"start":{"line":198,"column":0},"end":{"line":198,"column":16}},"198":{"start":{"line":199,"column":0},"end":{"line":199,"column":351}},"199":{"start":{"line":200,"column":0},"end":{"line":200,"column":14}},"201":{"start":{"line":202,"column":0},"end":{"line":202,"column":93}},"202":{"start":{"line":203,"column":0},"end":{"line":203,"column":92}},"203":{"start":{"line":204,"column":0},"end":{"line":204,"column":16}},"204":{"start":{"line":205,"column":0},"end":{"line":205,"column":17}},"205":{"start":{"line":206,"column":0},"end":{"line":206,"column":13}}},"s":{"0":1,"1":1,"2":1,"3":1,"4":1,"5":1,"6":1,"9":1,"10":1,"11":1,"12":1,"14":1,"15":1,"16":1,"17":1,"18":1,"19":1,"20":1,"21":1,"22":1,"23":1,"24":1,"25":1,"26":1,"27":1,"28":1,"29":1,"30":1,"32":0,"33":0,"34":0,"35":0,"36":0,"37":0,"38":0,"39":0,"40":0,"41":0,"42":0,"43":0,"44":0,"45":0,"46":0,"47":0,"49":0,"50":0,"51":0,"53":3,"54":3,"55":3,"56":0,"57":0,"59":3,"60":3,"61":3,"62":3,"63":0,"64":0,"65":3,"67":3,"69":3,"70":3,"71":3,"72":3,"73":3,"74":3,"75":3,"77":1,"78":1,"79":1,"80":1,"81":1,"82":1,"83":1,"84":1,"85":1,"86":1,"87":1,"88":1,"89":1,"90":1,"91":1,"92":1,"93":1,"94":1,"95":1,"96":1,"97":1,"98":1,"99":1,"100":1,"101":1,"102":1,"104":1,"105":1,"106":1,"107":1,"108":1,"109":1,"110":1,"111":1,"112":1,"113":1,"114":1,"115":1,"116":1,"117":1,"118":1,"119":1,"120":1,"121":1,"122":1,"123":1,"124":1,"125":0,"126":0,"127":0,"128":1,"132":1,"133":1,"134":1,"136":1,"137":1,"138":1,"139":1,"140":1,"141":1,"142":1,"143":1,"144":1,"145":1,"146":1,"148":1,"149":1,"150":1,"151":1,"152":1,"153":1,"154":1,"155":1,"156":1,"157":1,"158":1,"159":1,"160":1,"161":1,"162":1,"163":1,"164":1,"165":1,"166":1,"167":1,"168":1,"169":1,"170":1,"171":1,"172":1,"173":1,"174":1,"175":1,"176":1,"177":1,"178":1,"179":1,"180":1,"181":1,"182":1,"183":1,"184":1,"185":1,"186":1,"187":1,"188":1,"189":1,"190":1,"191":1,"192":1,"193":1,"194":1,"195":1,"196":1,"197":1,"198":1,"199":1,"201":1,"202":1,"203":1,"204":1,"205":1},"branchMap":{"0":{"type":"branch","line":17,"loc":{"start":{"line":17,"column":2},"end":{"line":29,"column":4}},"locations":[{"start":{"line":17,"column":2},"end":{"line":29,"column":4}}]},"1":{"type":"branch","line":18,"loc":{"start":{"line":18,"column":43},"end":{"line":18,"column":72}},"locations":[{"start":{"line":18,"column":43},"end":{"line":18,"column":72}}]},"2":{"type":"branch","line":18,"loc":{"start":{"line":18,"column":76},"end":{"line":28,"column":6}},"locations":[{"start":{"line":18,"column":76},"end":{"line":28,"column":6}}]},"3":{"type":"branch","line":19,"loc":{"start":{"line":19,"column":24},"end":{"line":19,"column":41}},"locations":[{"start":{"line":19,"column":24},"end":{"line":19,"column":41}}]},"4":{"type":"branch","line":20,"loc":{"start":{"line":20,"column":20},"end":{"line":20,"column":33}},"locations":[{"start":{"line":20,"column":20},"end":{"line":20,"column":33}}]},"5":{"type":"branch","line":21,"loc":{"start":{"line":21,"column":21},"end":{"line":21,"column":35}},"locations":[{"start":{"line":21,"column":21},"end":{"line":21,"column":35}}]},"6":{"type":"branch","line":22,"loc":{"start":{"line":22,"column":75},"end":{"line":22,"column":81}},"locations":[{"start":{"line":22,"column":75},"end":{"line":22,"column":81}}]},"7":{"type":"branch","line":23,"loc":{"start":{"line":23,"column":59},"end":{"line":23,"column":65}},"locations":[{"start":{"line":23,"column":59},"end":{"line":23,"column":65}}]},"8":{"type":"branch","line":25,"loc":{"start":{"line":25,"column":31},"end":{"line":25,"column":55}},"locations":[{"start":{"line":25,"column":31},"end":{"line":25,"column":55}}]},"9":{"type":"branch","line":26,"loc":{"start":{"line":26,"column":28},"end":{"line":26,"column":49}},"locations":[{"start":{"line":26,"column":28},"end":{"line":26,"column":49}}]},"10":{"type":"branch","line":27,"loc":{"start":{"line":27,"column":24},"end":{"line":27,"column":41}},"locations":[{"start":{"line":27,"column":24},"end":{"line":27,"column":41}}]},"11":{"type":"branch","line":54,"loc":{"start":{"line":54,"column":0},"end":{"line":76,"column":1}},"locations":[{"start":{"line":54,"column":0},"end":{"line":76,"column":1}}]},"12":{"type":"branch","line":56,"loc":{"start":{"line":56,"column":16},"end":{"line":58,"column":3}},"locations":[{"start":{"line":56,"column":16},"end":{"line":58,"column":3}}]},"13":{"type":"branch","line":63,"loc":{"start":{"line":63,"column":14},"end":{"line":65,"column":5}},"locations":[{"start":{"line":63,"column":14},"end":{"line":65,"column":5}}]},"14":{"type":"branch","line":78,"loc":{"start":{"line":78,"column":0},"end":{"line":103,"column":1}},"locations":[{"start":{"line":78,"column":0},"end":{"line":103,"column":1}}]},"15":{"type":"branch","line":80,"loc":{"start":{"line":80,"column":9},"end":{"line":89,"column":6}},"locations":[{"start":{"line":80,"column":9},"end":{"line":89,"column":6}}]},"16":{"type":"branch","line":90,"loc":{"start":{"line":90,"column":12},"end":{"line":90,"column":50}},"locations":[{"start":{"line":90,"column":12},"end":{"line":90,"column":50}}]},"17":{"type":"branch","line":91,"loc":{"start":{"line":91,"column":9},"end":{"line":101,"column":6}},"locations":[{"start":{"line":91,"column":9},"end":{"line":101,"column":6}}]},"18":{"type":"branch","line":96,"loc":{"start":{"line":96,"column":98},"end":{"line":96,"column":124}},"locations":[{"start":{"line":96,"column":98},"end":{"line":96,"column":124}}]},"19":{"type":"branch","line":97,"loc":{"start":{"line":97,"column":95},"end":{"line":97,"column":113}},"locations":[{"start":{"line":97,"column":95},"end":{"line":97,"column":113}}]},"20":{"type":"branch","line":102,"loc":{"start":{"line":102,"column":12},"end":{"line":102,"column":120}},"locations":[{"start":{"line":102,"column":12},"end":{"line":102,"column":120}}]},"21":{"type":"branch","line":102,"loc":{"start":{"line":102,"column":53},"end":{"line":102,"column":109}},"locations":[{"start":{"line":102,"column":53},"end":{"line":102,"column":109}}]},"22":{"type":"branch","line":105,"loc":{"start":{"line":105,"column":0},"end":{"line":129,"column":1}},"locations":[{"start":{"line":105,"column":0},"end":{"line":129,"column":1}}]},"23":{"type":"branch","line":112,"loc":{"start":{"line":112,"column":41},"end":{"line":112,"column":70}},"locations":[{"start":{"line":112,"column":41},"end":{"line":112,"column":70}}]},"24":{"type":"branch","line":125,"loc":{"start":{"line":125,"column":2},"end":{"line":128,"column":3}},"locations":[{"start":{"line":125,"column":2},"end":{"line":128,"column":3}}]},"25":{"type":"branch","line":112,"loc":{"start":{"line":112,"column":74},"end":{"line":122,"column":6}},"locations":[{"start":{"line":112,"column":74},"end":{"line":122,"column":6}}]},"26":{"type":"branch","line":113,"loc":{"start":{"line":113,"column":24},"end":{"line":113,"column":41}},"locations":[{"start":{"line":113,"column":24},"end":{"line":113,"column":41}}]},"27":{"type":"branch","line":114,"loc":{"start":{"line":114,"column":20},"end":{"line":114,"column":33}},"locations":[{"start":{"line":114,"column":20},"end":{"line":114,"column":33}}]},"28":{"type":"branch","line":115,"loc":{"start":{"line":115,"column":21},"end":{"line":115,"column":35}},"locations":[{"start":{"line":115,"column":21},"end":{"line":115,"column":35}}]},"29":{"type":"branch","line":116,"loc":{"start":{"line":116,"column":75},"end":{"line":116,"column":81}},"locations":[{"start":{"line":116,"column":75},"end":{"line":116,"column":81}}]},"30":{"type":"branch","line":117,"loc":{"start":{"line":117,"column":59},"end":{"line":117,"column":65}},"locations":[{"start":{"line":117,"column":59},"end":{"line":117,"column":65}}]},"31":{"type":"branch","line":119,"loc":{"start":{"line":119,"column":31},"end":{"line":119,"column":55}},"locations":[{"start":{"line":119,"column":31},"end":{"line":119,"column":55}}]},"32":{"type":"branch","line":120,"loc":{"start":{"line":120,"column":28},"end":{"line":120,"column":49}},"locations":[{"start":{"line":120,"column":28},"end":{"line":120,"column":49}}]},"33":{"type":"branch","line":121,"loc":{"start":{"line":121,"column":24},"end":{"line":121,"column":41}},"locations":[{"start":{"line":121,"column":24},"end":{"line":121,"column":41}}]},"34":{"type":"branch","line":145,"loc":{"start":{"line":145,"column":24},"end":{"line":145,"column":66}},"locations":[{"start":{"line":145,"column":24},"end":{"line":145,"column":66}}]},"35":{"type":"branch","line":145,"loc":{"start":{"line":145,"column":24},"end":{"line":145,"column":66}},"locations":[{"start":{"line":145,"column":24},"end":{"line":145,"column":66}}]},"36":{"type":"branch","line":150,"loc":{"start":{"line":150,"column":42},"end":{"line":151,"column":55}},"locations":[{"start":{"line":150,"column":42},"end":{"line":151,"column":55}}]},"37":{"type":"branch","line":199,"loc":{"start":{"line":199,"column":10},"end":{"line":199,"column":351}},"locations":[{"start":{"line":199,"column":10},"end":{"line":199,"column":351}}]},"38":{"type":"branch","line":202,"loc":{"start":{"line":202,"column":28},"end":{"line":202,"column":93}},"locations":[{"start":{"line":202,"column":28},"end":{"line":202,"column":93}}]},"39":{"type":"branch","line":202,"loc":{"start":{"line":202,"column":87},"end":{"line":202,"column":93}},"locations":[{"start":{"line":202,"column":87},"end":{"line":202,"column":93}}]},"40":{"type":"branch","line":203,"loc":{"start":{"line":203,"column":28},"end":{"line":203,"column":92}},"locations":[{"start":{"line":203,"column":28},"end":{"line":203,"column":92}}]},"41":{"type":"branch","line":185,"loc":{"start":{"line":185,"column":18},"end":{"line":185,"column":49}},"locations":[{"start":{"line":185,"column":18},"end":{"line":185,"column":49}}]}},"b":{"0":[1],"1":[0],"2":[1],"3":[0],"4":[0],"5":[0],"6":[0],"7":[0],"8":[0],"9":[0],"10":[0],"11":[3],"12":[0],"13":[0],"14":[1],"15":[1],"16":[1],"17":[1],"18":[0],"19":[0],"20":[1],"21":[1],"22":[1],"23":[0],"24":[0],"25":[1],"26":[0],"27":[0],"28":[0],"29":[0],"30":[0],"31":[0],"32":[0],"33":[0],"34":[1],"35":[2],"36":[1],"37":[1],"38":[1],"39":[2],"40":[0],"41":[1]},"fnMap":{"0":{"name":"__vite_ssr_import_1__.watch.immediate","decl":{"start":{"line":17,"column":2},"end":{"line":29,"column":4}},"loc":{"start":{"line":17,"column":2},"end":{"line":29,"column":4}},"line":17},"1":{"name":"addMonitoredRepository","decl":{"start":{"line":33,"column":0},"end":{"line":48,"column":1}},"loc":{"start":{"line":33,"column":0},"end":{"line":48,"column":1}},"line":33},"2":{"name":"removeMonitoredRepository","decl":{"start":{"line":50,"column":0},"end":{"line":52,"column":1}},"loc":{"start":{"line":50,"column":0},"end":{"line":52,"column":1}},"line":50},"3":{"name":"repositoryWorkDirComponent","decl":{"start":{"line":54,"column":0},"end":{"line":76,"column":1}},"loc":{"start":{"line":54,"column":0},"end":{"line":76,"column":1}},"line":54},"4":{"name":"normalizeMonitoredRepositories","decl":{"start":{"line":78,"column":0},"end":{"line":103,"column":1}},"loc":{"start":{"line":78,"column":0},"end":{"line":103,"column":1}},"line":78},"5":{"name":"persistConfig","decl":{"start":{"line":105,"column":0},"end":{"line":129,"column":1}},"loc":{"start":{"line":105,"column":0},"end":{"line":129,"column":1}},"line":105},"6":{"name":"onClick","decl":{"start":{"line":196,"column":74},"end":{"line":196,"column":110}},"loc":{"start":{"line":196,"column":74},"end":{"line":196,"column":110}},"line":196}},"f":{"0":1,"1":0,"2":0,"3":3,"4":1,"5":1,"6":0}}
}
